#
# A fatal error has been detected by the Java Runtime Environment:
#
#  EXCEPTION_ACCESS_VIOLATION (0xc0000005) at pc=0x00000000626d9aea, pid=15808, tid=0x0000000000000630
#
# JRE version: OpenJDK Runtime Environment (8.0_242-b01) (build 1.8.0_242-release-1644-b01)
# Java VM: OpenJDK 64-Bit Server VM (25.242-b01 mixed mode windows-amd64 compressed oops)
# Problematic frame:
# V  [jvm.dll+0x3c9aea]
#
# Failed to write core dump. Minidumps are not enabled by default on client versions of Windows
#
# If you would like to submit a bug report, please visit:
#   
#

---------------  T H R E A D  ---------------

Current thread (0x0000000002b47800):  GCTaskThread [stack: 0x00000000126b0000,0x00000000127b0000] [id=1584]

siginfo: ExceptionCode=0xc0000005, reading address 0xffffffffffffffff

Registers:
RAX=0xc1aee82404894cff, RBX=0x0000000000000bfc, RCX=0x0000000003980308, RDX=0x0000000002c22510
RSP=0x00000000127af720, RBP=0x0000000000000000, RSI=0x0000000002c22510, RDI=0x0000000000000000
R8 =0x000000008030f708, R9 =0x0000000003980308, R10=0x000000000000000c, R11=0x00000000628dfa28
R12=0x000000006292c4d8, R13=0x0000000002b3e140, R14=0x0000000002b47b90, R15=0x0000000000000000
RIP=0x00000000626d9aea, EFLAGS=0x0000000000010202

Top of Stack: (sp=0x00000000127af720)
0x00000000127af720:   0000000018653028 0000000000000000
0x00000000127af730:   0000000002c22510 000000006292c4d8
0x00000000127af740:   00000000888787c8 0000000002c22510
0x00000000127af750:   0000000088765eb0 0000000000000004
0x00000000127af760:   00000000888787c8 0000000062425b41
0x00000000127af770:   0000000017b74020 0000001900000025
0x00000000127af780:   0000000002b3e140 0000000002b3e140
0x00000000127af790:   0000000002b47ba0 0000000002b47b90
0x00000000127af7a0:   000000006292c4d8 0000000000000000
0x00000000127af7b0:   000000002e047120 0000000000000000
0x00000000127af7c0:   0000000002c22510 00000000626d7370
0x00000000127af7d0:   000000008030f708 0000000000000000
0x00000000127af7e0:   000000006292c4d8 0000004f0000000b
0x00000000127af7f0:   00000000887536a8 0000000000004800
0x00000000127af800:   000000002e047120 00000000626d482e
0x00000000127af810:   00000000614e4633 0000000002b47800 

Instructions: (pc=0x00000000626d9aea)
0x00000000626d9aca:   00 74 28 8b 0d e5 bb 39 00 45 8b 48 08 48 8b d6
0x00000000626d9ada:   49 d3 e1 4c 03 0d cc bb 39 00 49 8b c9 49 8b 01
0x00000000626d9aea:   ff 90 08 01 00 00 e9 1b ff ff ff 4d 8b 48 08 48
0x00000000626d9afa:   8b d6 49 8b 01 49 8b c9 ff 90 08 01 00 00 e9 03 


Register to memory mapping:

RAX=0xc1aee82404894cff is an unknown value
RBX=0x0000000000000bfc is an unknown value
RCX=0x0000000003980308 is at entry_point+29096 in (nmethod*)0x00000000039786d0
RDX=0x0000000002c22510 is an unknown value
RSP=0x00000000127af720 is an unknown value
RBP=0x0000000000000000 is an unknown value
RSI=0x0000000002c22510 is an unknown value
RDI=0x0000000000000000 is an unknown value
R8 =0x000000008030f708 is pointing into object: 0x000000008030f6f0
[C 
 - klass: {type array char}
 - length: 27
R9 =0x0000000003980308 is at entry_point+29096 in (nmethod*)0x00000000039786d0
R10=0x000000000000000c is an unknown value
R11=0x00000000628dfa28 is an unknown value
R12=0x000000006292c4d8 is an unknown value
R13=0x0000000002b3e140 is an unknown value
R14=0x0000000002b47b90 is an unknown value
R15=0x0000000000000000 is an unknown value


Stack: [0x00000000126b0000,0x00000000127b0000],  sp=0x00000000127af720,  free space=1021k
Native frames: (J=compiled Java code, j=interpreted, Vv=VM code, C=native code)


---------------  P R O C E S S  ---------------

Java Threads: ( => current thread )
  0x000000001f3fa800 JavaThread "pool-1-thread-1" [_thread_blocked, id=13752, stack(0x000000002c530000,0x000000002c630000)]
  0x000000001f400800 JavaThread "ForkJoinPool.commonPool-worker-7" daemon [_thread_blocked, id=10104, stack(0x0000000034440000,0x0000000034540000)]
  0x000000001f618000 JavaThread "ForkJoinPool.commonPool-worker-6" daemon [_thread_blocked, id=13292, stack(0x0000000034340000,0x0000000034440000)]
  0x000000001f60b800 JavaThread "ForkJoinPool.commonPool-worker-5" daemon [_thread_blocked, id=8440, stack(0x0000000033290000,0x0000000033390000)]
  0x000000001f60d000 JavaThread "ForkJoinPool.commonPool-worker-4" daemon [_thread_blocked, id=14096, stack(0x0000000031fc0000,0x00000000320c0000)]
  0x000000001f61a000 JavaThread "WorkerExecutor Queue Thread 11" [_thread_blocked, id=8444, stack(0x0000000031ec0000,0x0000000031fc0000)]
  0x000000001f619800 JavaThread "ForkJoinPool.commonPool-worker-3" daemon [_thread_blocked, id=7840, stack(0x0000000031dc0000,0x0000000031ec0000)]
  0x000000001f618800 JavaThread "ForkJoinPool.commonPool-worker-2" daemon [_thread_blocked, id=5948, stack(0x0000000031220000,0x0000000031320000)]
  0x000000001f617000 JavaThread "ForkJoinPool.commonPool-worker-1" daemon [_thread_blocked, id=15004, stack(0x0000000031120000,0x0000000031220000)]
  0x000000001f60f800 JavaThread "WorkerExecutor Queue Thread 10" [_thread_blocked, id=11280, stack(0x0000000030ca0000,0x0000000030da0000)]
  0x000000001f612800 JavaThread "Cache worker for Java compile cache (C:\Users\lmsiu\AndroidStudioProjects\Flixter\.gradle\6.5\javaCompile)" [_thread_blocked, id=13656, stack(0x00000000306f0000,0x00000000307f0000)]
  0x000000001f611000 JavaThread "Cache worker for Java compile cache (C:\Users\lmsiu\.gradle\caches\6.5\javaCompile)" [_thread_blocked, id=11320, stack(0x000000002fa00000,0x000000002fb00000)]
  0x000000001f616800 JavaThread "WorkerExecutor Queue Thread 9" [_thread_blocked, id=9928, stack(0x0000000030df0000,0x0000000030ef0000)]
  0x000000001eca2000 JavaThread "stdout" [_thread_blocked, id=5844, stack(0x000000002f700000,0x000000002f800000)]
  0x000000001eca2800 JavaThread "stderr" [_thread_blocked, id=14516, stack(0x000000002f600000,0x000000002f700000)]
  0x000000001ec99000 JavaThread "WorkerExecutor Queue Thread 8" [_thread_blocked, id=13536, stack(0x000000002e900000,0x000000002ea00000)]
  0x000000001ec9f800 JavaThread "WorkerExecutor Queue Thread 7" [_thread_blocked, id=11036, stack(0x000000002e800000,0x000000002e900000)]
  0x000000001ec98000 JavaThread "WorkerExecutor Queue Thread 6" [_thread_blocked, id=12852, stack(0x000000002e600000,0x000000002e700000)]
  0x000000001ec9a800 JavaThread "WorkerExecutor Queue Thread 5" [_thread_blocked, id=8324, stack(0x000000002e500000,0x000000002e600000)]
  0x000000001f400000 JavaThread "WorkerExecutor Queue Thread 2" [_thread_blocked, id=15036, stack(0x000000002e200000,0x000000002e300000)]
  0x000000001f406800 JavaThread "WorkerExecutor Queue" [_thread_blocked, id=4224, stack(0x000000002d130000,0x000000002d230000)]
  0x000000001f401800 JavaThread "Cache worker for execution history cache (C:\Users\lmsiu\AndroidStudioProjects\Flixter\.gradle\6.5\executionHistory)" [_thread_blocked, id=4620, stack(0x000000002cc30000,0x000000002cd30000)]
  0x000000001f3fd000 JavaThread "Cache worker for file content cache (C:\Users\lmsiu\AndroidStudioProjects\Flixter\.gradle\6.5\fileContent)" [_thread_blocked, id=13900, stack(0x000000002c230000,0x000000002c330000)]
  0x000000001f3fc000 JavaThread "Memory manager" [_thread_blocked, id=3172, stack(0x000000002bce0000,0x000000002bde0000)]
  0x000000001f3fa000 JavaThread "Cache worker for Build Output Cleanup Cache (C:\Users\lmsiu\AndroidStudioProjects\Flixter\.gradle\buildOutputCleanup)" [_thread_blocked, id=8312, stack(0x000000002a7d0000,0x000000002a8d0000)]
  0x000000001ee79800 JavaThread "jar transforms Thread 92" [_thread_blocked, id=9604, stack(0x000000002a6d0000,0x000000002a7d0000)]
  0x000000001ee76800 JavaThread "jar transforms Thread 91" [_thread_blocked, id=6760, stack(0x000000002a5d0000,0x000000002a6d0000)]
  0x000000001ee78000 JavaThread "jar transforms Thread 90" [_thread_blocked, id=6808, stack(0x000000002a4d0000,0x000000002a5d0000)]
  0x000000001ee7b800 JavaThread "jar transforms Thread 89" [_thread_blocked, id=11644, stack(0x000000002a3d0000,0x000000002a4d0000)]
  0x000000001ee7c800 JavaThread "jar transforms Thread 88" [_thread_blocked, id=8812, stack(0x000000002a2d0000,0x000000002a3d0000)]
  0x000000001ee7d000 JavaThread "jar transforms Thread 87" [_thread_blocked, id=16240, stack(0x000000002a1d0000,0x000000002a2d0000)]
  0x000000001ee78800 JavaThread "jar transforms Thread 86" [_thread_blocked, id=16100, stack(0x000000002a0d0000,0x000000002a1d0000)]
  0x000000001ee7b000 JavaThread "jar transforms Thread 85" [_thread_blocked, id=12196, stack(0x0000000029fd0000,0x000000002a0d0000)]
  0x000000001ee77000 JavaThread "jar transforms Thread 84" [_thread_blocked, id=6568, stack(0x0000000029ed0000,0x0000000029fd0000)]
  0x000000001ee7a000 JavaThread "jar transforms Thread 83" [_thread_blocked, id=3460, stack(0x0000000029dd0000,0x0000000029ed0000)]
  0x000000001ee6f000 JavaThread "jar transforms Thread 82" [_thread_blocked, id=12480, stack(0x0000000029cd0000,0x0000000029dd0000)]
  0x000000001ee75800 JavaThread "jar transforms Thread 81" [_thread_blocked, id=11564, stack(0x0000000029bd0000,0x0000000029cd0000)]
  0x000000001ee6f800 JavaThread "jar transforms Thread 80" [_thread_blocked, id=9100, stack(0x0000000029ad0000,0x0000000029bd0000)]
  0x000000001ee74000 JavaThread "jar transforms Thread 79" [_thread_blocked, id=12692, stack(0x00000000299d0000,0x0000000029ad0000)]
  0x000000001ee73800 JavaThread "jar transforms Thread 78" [_thread_blocked, id=11604, stack(0x00000000298d0000,0x00000000299d0000)]
  0x000000001ee70800 JavaThread "jar transforms Thread 77" [_thread_blocked, id=13360, stack(0x00000000297d0000,0x00000000298d0000)]
  0x000000001ee72800 JavaThread "jar transforms Thread 76" [_thread_blocked, id=15704, stack(0x00000000296d0000,0x00000000297d0000)]
  0x000000001ee72000 JavaThread "jar transforms Thread 75" [_thread_blocked, id=13980, stack(0x00000000295d0000,0x00000000296d0000)]
  0x000000001ee71000 JavaThread "jar transforms Thread 74" [_thread_blocked, id=2672, stack(0x00000000294d0000,0x00000000295d0000)]
  0x000000001ee75000 JavaThread "jar transforms Thread 73" [_thread_blocked, id=16324, stack(0x00000000293d0000,0x00000000294d0000)]
  0x0000000022278800 JavaThread "jar transforms Thread 72" [_thread_blocked, id=10680, stack(0x00000000292d0000,0x00000000293d0000)]
  0x000000002227b000 JavaThread "jar transforms Thread 71" [_thread_blocked, id=13704, stack(0x00000000291d0000,0x00000000292d0000)]
  0x000000002227a000 JavaThread "jar transforms Thread 70" [_thread_blocked, id=4520, stack(0x00000000290d0000,0x00000000291d0000)]
  0x0000000022279800 JavaThread "jar transforms Thread 69" [_thread_blocked, id=10620, stack(0x0000000028fd0000,0x00000000290d0000)]
  0x0000000022278000 JavaThread "jar transforms Thread 68" [_thread_blocked, id=12212, stack(0x0000000028ed0000,0x0000000028fd0000)]
  0x0000000022270800 JavaThread "jar transforms Thread 67" [_thread_blocked, id=11444, stack(0x0000000028dd0000,0x0000000028ed0000)]
  0x0000000022277000 JavaThread "jar transforms Thread 66" [_thread_blocked, id=15072, stack(0x0000000028cd0000,0x0000000028dd0000)]
  0x0000000022276800 JavaThread "jar transforms Thread 65" [_thread_blocked, id=4820, stack(0x0000000028bd0000,0x0000000028cd0000)]
  0x0000000022275800 JavaThread "jar transforms Thread 64" [_thread_blocked, id=9904, stack(0x0000000028ad0000,0x0000000028bd0000)]
  0x0000000022275000 JavaThread "jar transforms Thread 63" [_thread_blocked, id=12216, stack(0x00000000289d0000,0x0000000028ad0000)]
  0x000000002226d800 JavaThread "jar transforms Thread 62" [_thread_blocked, id=15588, stack(0x00000000288d0000,0x00000000289d0000)]
  0x000000002226f800 JavaThread "jar transforms Thread 61" [_thread_blocked, id=1188, stack(0x00000000287d0000,0x00000000288d0000)]
  0x0000000022274000 JavaThread "jar transforms Thread 60" [_thread_blocked, id=1960, stack(0x00000000286d0000,0x00000000287d0000)]
  0x000000002226c800 JavaThread "jar transforms Thread 59" [_thread_blocked, id=8960, stack(0x00000000285d0000,0x00000000286d0000)]
  0x000000002226f000 JavaThread "jar transforms Thread 58" [_thread_blocked, id=4516, stack(0x00000000284d0000,0x00000000285d0000)]
  0x0000000022271000 JavaThread "jar transforms Thread 57" [_thread_blocked, id=6348, stack(0x00000000283d0000,0x00000000284d0000)]
  0x000000002226e000 JavaThread "jar transforms Thread 56" [_thread_blocked, id=14996, stack(0x00000000282d0000,0x00000000283d0000)]
  0x0000000022272000 JavaThread "jar transforms Thread 55" [_thread_blocked, id=3932, stack(0x00000000281d0000,0x00000000282d0000)]
  0x0000000022273800 JavaThread "jar transforms Thread 54" [_thread_blocked, id=15136, stack(0x00000000280d0000,0x00000000281d0000)]
  0x000000002226c000 JavaThread "jar transforms Thread 53" [_thread_blocked, id=16016, stack(0x0000000027fd0000,0x00000000280d0000)]
  0x0000000022272800 JavaThread "jar transforms Thread 52" [_thread_blocked, id=7832, stack(0x0000000027ed0000,0x0000000027fd0000)]
  0x0000000022b16800 JavaThread "jar transforms Thread 51" [_thread_blocked, id=15196, stack(0x0000000027dd0000,0x0000000027ed0000)]
  0x0000000022b15800 JavaThread "jar transforms Thread 50" [_thread_blocked, id=3236, stack(0x0000000027cd0000,0x0000000027dd0000)]
  0x0000000022b1c800 JavaThread "jar transforms Thread 49" [_thread_blocked, id=10776, stack(0x0000000027bd0000,0x0000000027cd0000)]
  0x0000000022b1b000 JavaThread "jar transforms Thread 48" [_thread_blocked, id=8840, stack(0x0000000027ad0000,0x0000000027bd0000)]
  0x0000000022b1a000 JavaThread "jar transforms Thread 47" [_thread_blocked, id=2568, stack(0x00000000279d0000,0x0000000027ad0000)]
  0x0000000022b18000 JavaThread "jar transforms Thread 46" [_thread_blocked, id=8040, stack(0x00000000278d0000,0x00000000279d0000)]
  0x0000000022b17000 JavaThread "jar transforms Thread 45" [_thread_blocked, id=7988, stack(0x00000000277d0000,0x00000000278d0000)]
  0x0000000022b18800 JavaThread "jar transforms Thread 44" [_thread_blocked, id=3024, stack(0x00000000276d0000,0x00000000277d0000)]
  0x0000000022b1b800 JavaThread "jar transforms Thread 43" [_thread_blocked, id=4748, stack(0x00000000275d0000,0x00000000276d0000)]
  0x0000000022b19800 JavaThread "jar transforms Thread 42" [_thread_blocked, id=8296, stack(0x00000000274d0000,0x00000000275d0000)]
  0x0000000022b0e000 JavaThread "jar transforms Thread 41" [_thread_blocked, id=10376, stack(0x00000000273d0000,0x00000000274d0000)]
  0x0000000022b14800 JavaThread "jar transforms Thread 40" [_thread_blocked, id=9196, stack(0x00000000272d0000,0x00000000273d0000)]
  0x0000000022b0d000 JavaThread "jar transforms Thread 39" [_thread_blocked, id=13324, stack(0x00000000271d0000,0x00000000272d0000)]
  0x0000000022b14000 JavaThread "jar transforms Thread 38" [_thread_blocked, id=13472, stack(0x00000000270d0000,0x00000000271d0000)]
  0x0000000022b12800 JavaThread "jar transforms Thread 37" [_thread_blocked, id=15812, stack(0x0000000026fd0000,0x00000000270d0000)]
  0x0000000022b11000 JavaThread "jar transforms Thread 36" [_thread_blocked, id=15960, stack(0x0000000026ed0000,0x0000000026fd0000)]
  0x0000000022b13000 JavaThread "jar transforms Thread 35" [_thread_blocked, id=7956, stack(0x0000000026dd0000,0x0000000026ed0000)]
  0x0000000022b10000 JavaThread "jar transforms Thread 34" [_thread_blocked, id=12052, stack(0x0000000026cd0000,0x0000000026dd0000)]
  0x0000000022b11800 JavaThread "jar transforms Thread 33" [_thread_blocked, id=7532, stack(0x0000000026bd0000,0x0000000026cd0000)]
  0x0000000022b0f800 JavaThread "jar transforms Thread 32" [_thread_blocked, id=5220, stack(0x0000000026ad0000,0x0000000026bd0000)]
  0x0000000022b0e800 JavaThread "jar transforms Thread 31" [_thread_blocked, id=5236, stack(0x00000000269d0000,0x0000000026ad0000)]
  0x000000001c71a800 JavaThread "jar transforms Thread 30" [_thread_blocked, id=3548, stack(0x00000000268d0000,0x00000000269d0000)]
  0x000000001c719000 JavaThread "jar transforms Thread 29" [_thread_blocked, id=5272, stack(0x00000000267d0000,0x00000000268d0000)]
  0x000000001c718000 JavaThread "jar transforms Thread 28" [_thread_blocked, id=10652, stack(0x00000000266d0000,0x00000000267d0000)]
  0x000000001c716000 JavaThread "jar transforms Thread 27" [_thread_blocked, id=14708, stack(0x00000000265d0000,0x00000000266d0000)]
  0x000000001c71c000 JavaThread "jar transforms Thread 26" [_thread_blocked, id=14164, stack(0x00000000264d0000,0x00000000265d0000)]
  0x000000001c71c800 JavaThread "jar transforms Thread 25" [_thread_blocked, id=5248, stack(0x00000000263d0000,0x00000000264d0000)]
  0x000000001c71b000 JavaThread "jar transforms Thread 24" [_thread_blocked, id=12220, stack(0x00000000262d0000,0x00000000263d0000)]
  0x000000001c714800 JavaThread "jar transforms Thread 23" [_thread_blocked, id=9136, stack(0x00000000261d0000,0x00000000262d0000)]
  0x000000001c719800 JavaThread "jar transforms Thread 22" [_thread_blocked, id=16228, stack(0x00000000260d0000,0x00000000261d0000)]
  0x000000001c717800 JavaThread "jar transforms Thread 21" [_thread_blocked, id=10212, stack(0x0000000025fd0000,0x00000000260d0000)]
  0x000000001c716800 JavaThread "jar transforms Thread 20" [_thread_blocked, id=2064, stack(0x0000000025ed0000,0x0000000025fd0000)]
  0x000000001c70e800 JavaThread "jar transforms Thread 19" [_thread_blocked, id=6936, stack(0x0000000025dd0000,0x0000000025ed0000)]
  0x000000001c713000 JavaThread "jar transforms Thread 18" [_thread_blocked, id=14404, stack(0x0000000025cd0000,0x0000000025dd0000)]
  0x000000001c710000 JavaThread "jar transforms Thread 17" [_thread_blocked, id=4992, stack(0x0000000025bd0000,0x0000000025cd0000)]
  0x000000001c711800 JavaThread "jar transforms Thread 16" [_thread_blocked, id=16004, stack(0x0000000025ad0000,0x0000000025bd0000)]
  0x000000001c710800 JavaThread "jar transforms Thread 15" [_thread_blocked, id=1696, stack(0x00000000259d0000,0x0000000025ad0000)]
  0x000000001c715000 JavaThread "jar transforms Thread 14" [_thread_blocked, id=1884, stack(0x00000000258d0000,0x00000000259d0000)]
  0x000000001c70d800 JavaThread "jar transforms Thread 13" [_thread_blocked, id=7936, stack(0x00000000257d0000,0x00000000258d0000)]
  0x000000001c70f000 JavaThread "jar transforms Thread 12" [_thread_blocked, id=10152, stack(0x00000000256d0000,0x00000000257d0000)]
  0x000000001c713800 JavaThread "jar transforms Thread 11" [_thread_blocked, id=11956, stack(0x00000000255d0000,0x00000000256d0000)]
  0x000000001c712000 JavaThread "jar transforms Thread 10" [_thread_blocked, id=10176, stack(0x00000000254d0000,0x00000000255d0000)]
  0x000000001bdc2000 JavaThread "jar transforms Thread 9" [_thread_blocked, id=3904, stack(0x00000000253d0000,0x00000000254d0000)]
  0x000000001bdc1000 JavaThread "jar transforms Thread 8" [_thread_blocked, id=3616, stack(0x00000000252d0000,0x00000000253d0000)]
  0x000000001bdb9800 JavaThread "jar transforms Thread 7" [_thread_blocked, id=14224, stack(0x00000000251d0000,0x00000000252d0000)]
  0x000000001bdc0800 JavaThread "jar transforms Thread 6" [_thread_blocked, id=7368, stack(0x00000000250d0000,0x00000000251d0000)]
  0x000000001bdbf800 JavaThread "jar transforms Thread 5" [_thread_blocked, id=5348, stack(0x0000000024fd0000,0x00000000250d0000)]
  0x000000001bdbc000 JavaThread "jar transforms Thread 4" [_thread_blocked, id=10760, stack(0x0000000024ed0000,0x0000000024fd0000)]
  0x000000001bdbf000 JavaThread "jar transforms Thread 3" [_thread_blocked, id=1952, stack(0x0000000024dd0000,0x0000000024ed0000)]
  0x000000001bdbe000 JavaThread "jar transforms Thread 2" [_thread_blocked, id=7920, stack(0x0000000024cd0000,0x0000000024dd0000)]
  0x000000001bdbd800 JavaThread "Build operations Thread 8" [_thread_blocked, id=3784, stack(0x0000000024ad0000,0x0000000024bd0000)]
  0x000000001bdbb000 JavaThread "Build operations Thread 7" [_thread_blocked, id=14308, stack(0x00000000249d0000,0x0000000024ad0000)]
  0x000000001bdba800 JavaThread "Build operations Thread 6" [_thread_blocked, id=6704, stack(0x00000000248d0000,0x00000000249d0000)]
  0x000000001bdbc800 JavaThread "Build operations Thread 5" [_thread_blocked, id=13452, stack(0x00000000247d0000,0x00000000248d0000)]
  0x000000001bdb4800 JavaThread "Build operations Thread 4" [_thread_blocked, id=4036, stack(0x00000000246d0000,0x00000000247d0000)]
  0x000000001bdb8000 JavaThread "Build operations Thread 3" [_thread_blocked, id=14972, stack(0x00000000245d0000,0x00000000246d0000)]
  0x000000001bdb5000 JavaThread "Build operations Thread 2" [_thread_blocked, id=15500, stack(0x00000000244d0000,0x00000000245d0000)]
  0x000000001bdb7800 JavaThread "Build operations" [_thread_blocked, id=11368, stack(0x00000000243d0000,0x00000000244d0000)]
  0x0000000019aa7000 JavaThread "Cache worker for file content cache (C:\Users\lmsiu\.gradle\caches\6.5\fileContent)" [_thread_blocked, id=9244, stack(0x0000000023cd0000,0x0000000023dd0000)]
  0x0000000019aa5800 JavaThread "jar transforms" [_thread_blocked, id=4812, stack(0x0000000021220000,0x0000000021320000)]
  0x0000000019aa2800 JavaThread "Cache worker for execution history cache (C:\Users\lmsiu\.gradle\caches\6.5\executionHistory)" [_thread_blocked, id=6696, stack(0x0000000021120000,0x0000000021220000)]
  0x0000000019aa5000 JavaThread "Cache worker for cache directory md-rule (C:\Users\lmsiu\.gradle\caches\6.5\md-rule)" [_thread_blocked, id=13328, stack(0x0000000021020000,0x0000000021120000)]
  0x0000000019aa9800 JavaThread "Cache worker for cache directory md-supplier (C:\Users\lmsiu\.gradle\caches\6.5\md-supplier)" [_thread_blocked, id=15908, stack(0x0000000020f20000,0x0000000021020000)]
  0x0000000019aa3800 JavaThread "Cache worker for checksums cache (C:\Users\lmsiu\AndroidStudioProjects\Flixter\.gradle\checksums)" [_thread_blocked, id=12064, stack(0x0000000020e20000,0x0000000020f20000)]
  0x0000000019aa8800 JavaThread "Cache worker for file hash cache (C:\Users\lmsiu\AndroidStudioProjects\Flixter\.gradle\6.5\fileHashes)" [_thread_blocked, id=8988, stack(0x00000000237d0000,0x00000000238d0000)]
  0x0000000019aa6800 JavaThread "Cache worker for file hash cache (C:\Users\lmsiu\.gradle\caches\6.5\fileHashes)" [_thread_blocked, id=648, stack(0x000000001e980000,0x000000001ea80000)]
  0x000000001a9aa800 JavaThread "File lock request listener" [_thread_in_native, id=11548, stack(0x000000001e880000,0x000000001e980000)]
  0x000000001c691800 JavaThread "Cache worker for journal cache (C:\Users\lmsiu\.gradle\caches\journal-1)" [_thread_blocked, id=12408, stack(0x000000001e780000,0x000000001e880000)]
  0x000000001c5c8000 JavaThread "Thread-9" [_thread_blocked, id=7612, stack(0x000000001e480000,0x000000001e580000)]
  0x000000001c5fa000 JavaThread "Stdin handler" [_thread_blocked, id=6344, stack(0x000000001e380000,0x000000001e480000)]
  0x000000001c5c5800 JavaThread "Asynchronous log dispatcher for DefaultDaemonConnection: socket connection from /127.0.0.1:51833 to /127.0.0.1:51834" [_thread_blocked, id=11520, stack(0x000000001e280000,0x000000001e380000)]
  0x000000001c5aa800 JavaThread "Daemon worker" [_thread_blocked, id=6944, stack(0x000000001e180000,0x000000001e280000)]
  0x000000001c5cb800 JavaThread "Cancel handler" [_thread_blocked, id=13680, stack(0x000000001e080000,0x000000001e180000)]
  0x000000001c52c000 JavaThread "Handler for socket connection from /127.0.0.1:51833 to /127.0.0.1:51834" [_thread_in_native, id=6904, stack(0x000000001df80000,0x000000001e080000)]
  0x000000001c51b000 JavaThread "Daemon" [_thread_blocked, id=10828, stack(0x000000001de80000,0x000000001df80000)]
  0x000000001c51b800 JavaThread "Daemon periodic checks" [_thread_blocked, id=7884, stack(0x000000001db80000,0x000000001dc80000)]
  0x000000001c53b800 JavaThread "Incoming local TCP Connector on port 51833" [_thread_in_native, id=15084, stack(0x000000001d940000,0x000000001da40000)]
  0x000000001c428800 JavaThread "Daemon health stats" [_thread_blocked, id=13272, stack(0x000000001d300000,0x000000001d400000)]
  0x0000000019b30000 JavaThread "Service Thread" daemon [_thread_blocked, id=13988, stack(0x000000001a760000,0x000000001a860000)]
  0x0000000019aa4000 JavaThread "C1 CompilerThread3" daemon [_thread_blocked, id=5040, stack(0x000000001a660000,0x000000001a760000)]
  0x0000000017cae800 JavaThread "C2 CompilerThread2" daemon [_thread_blocked, id=15124, stack(0x000000001a560000,0x000000001a660000)]
  0x0000000017cac000 JavaThread "C2 CompilerThread1" daemon [_thread_blocked, id=6712, stack(0x000000001a460000,0x000000001a560000)]
  0x0000000019a92800 JavaThread "C2 CompilerThread0" daemon [_thread_blocked, id=12496, stack(0x000000001a360000,0x000000001a460000)]
  0x0000000019a91000 JavaThread "Attach Listener" daemon [_thread_blocked, id=7892, stack(0x000000001a260000,0x000000001a360000)]
  0x0000000019a90800 JavaThread "Signal Dispatcher" daemon [_thread_blocked, id=15056, stack(0x000000001a160000,0x000000001a260000)]
  0x0000000002c2c800 JavaThread "Finalizer" daemon [_thread_blocked, id=3164, stack(0x0000000019f60000,0x000000001a060000)]
  0x0000000019a80800 JavaThread "Reference Handler" daemon [_thread_blocked, id=10200, stack(0x0000000019e60000,0x0000000019f60000)]
  0x00000000029fe800 JavaThread "main" [_thread_blocked, id=9968, stack(0x0000000002a30000,0x0000000002b30000)]

Other Threads:
  0x0000000017c98000 VMThread [stack: 0x0000000019960000,0x0000000019a60000] [id=13376]
  0x0000000019b30800 WatcherThread [stack: 0x000000001a860000,0x000000001a960000] [id=14004]

=>0x0000000002b47800 (exited) GCTaskThread [stack: 0x00000000126b0000,0x00000000127b0000] [id=1584]

VM state:at safepoint (normal execution)

VM Mutex/Monitor currently owned by a thread:  ([mutex/lock_event])
[0x00000000029fcab0] Threads_lock - owner thread: 0x0000000017c98000
[0x00000000029fd130] Heap_lock - owner thread: 0x000000001f3fa800

heap address: 0x0000000080000000, size: 2048 MB, Compressed Oops mode: 32-bit
Narrow klass base: 0x0000000000000000, Narrow klass shift: 3
Compressed class space size: 1073741824 Address: 0x0000000100000000

Heap:
 PSYoungGen      total 483328K, used 72184K [0x00000000d5580000, 0x00000000f9b00000, 0x0000000100000000)
  eden space 410112K, 0% used [0x00000000d5580000,0x00000000d5580000,0x00000000ee600000)
  from space 73216K, 98% used [0x00000000f3980000,0x00000000f7ffe348,0x00000000f8100000)
  to   space 85504K, 0% used [0x00000000ee600000,0x00000000ee600000,0x00000000f3980000)
 ParOldGen       total 219648K, used 155660K [0x0000000080000000, 0x000000008d680000, 0x00000000d5580000)
  object space 219648K, 70% used [0x0000000080000000,0x0000000089803180,0x000000008d680000)
 Metaspace       used 93552K, capacity 98466K, committed 98584K, reserved 1134592K
  class space    used 12636K, capacity 13523K, committed 13616K, reserved 1048576K

Card table byte_map: [0x0000000011ff0000,0x0000000012400000] byte_map_base: 0x0000000011bf0000

Marking Bits: (ParMarkBitMap*) 0x0000000062adf030
 Begin Bits: [0x0000000012eb0000, 0x0000000014eb0000)
 End Bits:   [0x0000000014eb0000, 0x0000000016eb0000)

Polling page: 0x0000000002990000

CodeCache: size=245760Kb used=39733Kb max_used=41102Kb free=206026Kb
 bounds [0x0000000002c30000, 0x00000000054c0000, 0x0000000011c30000]
 total_blobs=13576 nmethods=12682 adapters=805
 compilation: enabled

Compilation events (10 events):
Event: 17.430 Thread 0x0000000019aa4000 nmethod 15493 0x0000000005221450 code [0x00000000052215a0, 0x0000000005221710]
Event: 17.432 Thread 0x0000000019aa4000 15494       3       java.util.concurrent.ConcurrentLinkedQueue::casHead (13 bytes)
Event: 17.432 Thread 0x0000000019aa4000 nmethod 15494 0x0000000005318dd0 code [0x0000000005318f20, 0x00000000053190b0]
Event: 17.437 Thread 0x0000000017cac000 15497       4       java.io.StringWriter::write (10 bytes)
Event: 17.437 Thread 0x0000000019a92800 15498       4       com.google.gson.stream.JsonWriter::beforeValue (134 bytes)
Event: 17.437 Thread 0x0000000019aa4000 15495       3       com.google.gson.stream.JsonWriter::string (169 bytes)
Event: 17.438 Thread 0x0000000019aa4000 nmethod 15495 0x00000000050e3a50 code [0x00000000050e3c60, 0x00000000050e4858]
Event: 17.439 Thread 0x0000000019aa4000 15496       3       com.google.gson.stream.JsonWriter::newline (47 bytes)
Event: 17.439 Thread 0x0000000019aa4000 nmethod 15496 0x000000000406a250 code [0x000000000406a3e0, 0x000000000406a7d8]
Event: 17.444 Thread 0x0000000017cac000 nmethod 15497 0x00000000041a9510 code [0x00000000041a9660, 0x00000000041a9d98]

GC Heap History (10 events):
Event: 6.733 GC heap after
Heap after GC invocations=11 (full 3):
 PSYoungGen      total 330240K, used 0K [0x00000000d5580000, 0x00000000eb400000, 0x0000000100000000)
  eden space 311808K, 0% used [0x00000000d5580000,0x00000000d5580000,0x00000000e8600000)
  from space 18432K, 0% used [0x00000000e9d80000,0x00000000e9d80000,0x00000000eaf80000)
  to   space 23552K, 0% used [0x00000000e8600000,0x00000000e8600000,0x00000000e9d00000)
 ParOldGen       total 219648K, used 35993K [0x0000000080000000, 0x000000008d680000, 0x00000000d5580000)
  object space 219648K, 16% used [0x0000000080000000,0x0000000082326510,0x000000008d680000)
 Metaspace       used 56666K, capacity 58892K, committed 59160K, reserved 1099776K
  class space    used 7756K, capacity 8193K, committed 8240K, reserved 1048576K
}
Event: 10.348 GC heap before
{Heap before GC invocations=12 (full 3):
 PSYoungGen      total 330240K, used 311808K [0x00000000d5580000, 0x00000000eb400000, 0x0000000100000000)
  eden space 311808K, 100% used [0x00000000d5580000,0x00000000e8600000,0x00000000e8600000)
  from space 18432K, 0% used [0x00000000e9d80000,0x00000000e9d80000,0x00000000eaf80000)
  to   space 23552K, 0% used [0x00000000e8600000,0x00000000e8600000,0x00000000e9d00000)
 ParOldGen       total 219648K, used 35993K [0x0000000080000000, 0x000000008d680000, 0x00000000d5580000)
  object space 219648K, 16% used [0x0000000080000000,0x0000000082326510,0x000000008d680000)
 Metaspace       used 66145K, capacity 69492K, committed 69656K, reserved 1110016K
  class space    used 9064K, capacity 9697K, committed 9776K, reserved 1048576K
Event: 10.369 GC heap after
Heap after GC invocations=12 (full 3):
 PSYoungGen      total 335360K, used 18508K [0x00000000d5580000, 0x00000000eef00000, 0x0000000100000000)
  eden space 311808K, 0% used [0x00000000d5580000,0x00000000d5580000,0x00000000e8600000)
  from space 23552K, 78% used [0x00000000e8600000,0x00000000e98131a8,0x00000000e9d00000)
  to   space 25088K, 0% used [0x00000000ed680000,0x00000000ed680000,0x00000000eef00000)
 ParOldGen       total 219648K, used 36001K [0x0000000080000000, 0x000000008d680000, 0x00000000d5580000)
  object space 219648K, 16% used [0x0000000080000000,0x0000000082328510,0x000000008d680000)
 Metaspace       used 66145K, capacity 69492K, committed 69656K, reserved 1110016K
  class space    used 9064K, capacity 9697K, committed 9776K, reserved 1048576K
}
Event: 12.393 GC heap before
{Heap before GC invocations=13 (full 3):
 PSYoungGen      total 335360K, used 330316K [0x00000000d5580000, 0x00000000eef00000, 0x0000000100000000)
  eden space 311808K, 100% used [0x00000000d5580000,0x00000000e8600000,0x00000000e8600000)
  from space 23552K, 78% used [0x00000000e8600000,0x00000000e98131a8,0x00000000e9d00000)
  to   space 25088K, 0% used [0x00000000ed680000,0x00000000ed680000,0x00000000eef00000)
 ParOldGen       total 219648K, used 36001K [0x0000000080000000, 0x000000008d680000, 0x00000000d5580000)
  object space 219648K, 16% used [0x0000000080000000,0x0000000082328510,0x000000008d680000)
 Metaspace       used 78753K, capacity 83164K, committed 83352K, reserved 1120256K
  class space    used 10820K, capacity 11617K, committed 11696K, reserved 1048576K
Event: 12.471 GC heap after
Heap after GC invocations=13 (full 3):
 PSYoungGen      total 368640K, used 25080K [0x00000000d5580000, 0x00000000f2b80000, 0x0000000100000000)
  eden space 343552K, 0% used [0x00000000d5580000,0x00000000d5580000,0x00000000ea500000)
  from space 25088K, 99% used [0x00000000ed680000,0x00000000eeefe238,0x00000000eef00000)
  to   space 50688K, 0% used [0x00000000ea500000,0x00000000ea500000,0x00000000ed680000)
 ParOldGen       total 219648K, used 96432K [0x0000000080000000, 0x000000008d680000, 0x00000000d5580000)
  object space 219648K, 43% used [0x0000000080000000,0x0000000085e2c110,0x000000008d680000)
 Metaspace       used 78753K, capacity 83164K, committed 83352K, reserved 1120256K
  class space    used 10820K, capacity 11617K, committed 11696K, reserved 1048576K
}
Event: 14.461 GC heap before
{Heap before GC invocations=14 (full 3):
 PSYoungGen      total 368640K, used 368619K [0x00000000d5580000, 0x00000000f2b80000, 0x0000000100000000)
  eden space 343552K, 99% used [0x00000000d5580000,0x00000000ea4fcd08,0x00000000ea500000)
  from space 25088K, 99% used [0x00000000ed680000,0x00000000eeefe238,0x00000000eef00000)
  to   space 50688K, 0% used [0x00000000ea500000,0x00000000ea500000,0x00000000ed680000)
 ParOldGen       total 219648K, used 96432K [0x0000000080000000, 0x000000008d680000, 0x00000000d5580000)
  object space 219648K, 43% used [0x0000000080000000,0x0000000085e2c110,0x000000008d680000)
 Metaspace       used 81602K, capacity 86090K, committed 86168K, reserved 1124352K
  class space    used 11094K, capacity 11906K, committed 11952K, reserved 1048576K
Event: 14.520 GC heap after
Heap after GC invocations=14 (full 3):
 PSYoungGen      total 394240K, used 50672K [0x00000000d5580000, 0x00000000f8100000, 0x0000000100000000)
  eden space 343552K, 0% used [0x00000000d5580000,0x00000000d5580000,0x00000000ea500000)
  from space 50688K, 99% used [0x00000000ea500000,0x00000000ed67c0b8,0x00000000ed680000)
  to   space 73216K, 0% used [0x00000000f3980000,0x00000000f3980000,0x00000000f8100000)
 ParOldGen       total 219648K, used 134735K [0x0000000080000000, 0x000000008d680000, 0x00000000d5580000)
  object space 219648K, 61% used [0x0000000080000000,0x0000000088393ed8,0x000000008d680000)
 Metaspace       used 81602K, capacity 86090K, committed 86168K, reserved 1124352K
  class space    used 11094K, capacity 11906K, committed 11952K, reserved 1048576K
}
Event: 17.480 GC heap before
{Heap before GC invocations=15 (full 3):
 PSYoungGen      total 394240K, used 392597K [0x00000000d5580000, 0x00000000f8100000, 0x0000000100000000)
  eden space 343552K, 99% used [0x00000000d5580000,0x00000000ea3696a8,0x00000000ea500000)
  from space 50688K, 99% used [0x00000000ea500000,0x00000000ed67c0b8,0x00000000ed680000)
  to   space 73216K, 0% used [0x00000000f3980000,0x00000000f3980000,0x00000000f8100000)
 ParOldGen       total 219648K, used 134735K [0x0000000080000000, 0x000000008d680000, 0x00000000d5580000)
  object space 219648K, 61% used [0x0000000080000000,0x0000000088393ed8,0x000000008d680000)
 Metaspace       used 93552K, capacity 98466K, committed 98584K, reserved 1134592K
  class space    used 12636K, capacity 13523K, committed 13616K, reserved 1048576K
Event: 17.565 GC heap after
Heap after GC invocations=15 (full 3):
 PSYoungGen      total 483328K, used 72184K [0x00000000d5580000, 0x00000000f9b00000, 0x0000000100000000)
  eden space 410112K, 0% used [0x00000000d5580000,0x00000000d5580000,0x00000000ee600000)
  from space 73216K, 98% used [0x00000000f3980000,0x00000000f7ffe348,0x00000000f8100000)
  to   space 85504K, 0% used [0x00000000ee600000,0x00000000ee600000,0x00000000f3980000)
 ParOldGen       total 219648K, used 155660K [0x0000000080000000, 0x000000008d680000, 0x00000000d5580000)
  object space 219648K, 70% used [0x0000000080000000,0x0000000089803180,0x000000008d680000)
 Metaspace       used 93552K, capacity 98466K, committed 98584K, reserved 1134592K
  class space    used 12636K, capacity 13523K, committed 13616K, reserved 1048576K
}
Event: 17.565 GC heap before
{Heap before GC invocations=16 (full 4):
 PSYoungGen      total 483328K, used 72184K [0x00000000d5580000, 0x00000000f9b00000, 0x0000000100000000)
  eden space 410112K, 0% used [0x00000000d5580000,0x00000000d5580000,0x00000000ee600000)
  from space 73216K, 98% used [0x00000000f3980000,0x00000000f7ffe348,0x00000000f8100000)
  to   space 85504K, 0% used [0x00000000ee600000,0x00000000ee600000,0x00000000f3980000)
 ParOldGen       total 219648K, used 155660K [0x0000000080000000, 0x000000008d680000, 0x00000000d5580000)
  object space 219648K, 70% used [0x0000000080000000,0x0000000089803180,0x000000008d680000)
 Metaspace       used 93552K, capacity 98466K, committed 98584K, reserved 1134592K
  class space    used 12636K, capacity 13523K, committed 13616K, reserved 1048576K

Deoptimization events (10 events):
Event: 17.126 Thread 0x000000001f61a000 Uncommon trap: reason=unstable_if action=reinterpret pc=0x00000000049bccdc method=java.util.stream.StreamOpFlag.getMask(I)I @ 1
Event: 17.156 Thread 0x000000001f617000 Uncommon trap: reason=unstable_if action=reinterpret pc=0x000000000305bbd8 method=kotlin.text.StringsKt__StringsJVMKt.endsWith(Ljava/lang/String;Ljava/lang/String;Z)Z @ 15
Event: 17.156 Thread 0x000000001f618800 Uncommon trap: reason=unstable_if action=reinterpret pc=0x000000000305bbd8 method=kotlin.text.StringsKt__StringsJVMKt.endsWith(Ljava/lang/String;Ljava/lang/String;Z)Z @ 15
Event: 17.166 Thread 0x000000001f617000 Uncommon trap: reason=unstable_if action=reinterpret pc=0x0000000004be9ee4 method=java.nio.Bits.copyToArray(JLjava/lang/Object;JJJ)V @ 19
Event: 17.330 Thread 0x000000001f617000 Uncommon trap: reason=unstable_if action=reinterpret pc=0x0000000003a75b00 method=java.util.zip.Deflater.needsInput()Z @ 11
Event: 17.421 Thread 0x000000001f401800 Uncommon trap: reason=unstable_if action=reinterpret pc=0x0000000005392f74 method=com.esotericsoftware.kryo.io.Output.writeByte(B)V @ 8
Event: 17.435 Thread 0x000000001c5aa800 Uncommon trap: reason=unstable_if action=reinterpret pc=0x00000000033100e4 method=org.gradle.internal.util.Trie.find(Ljava/lang/CharSequence;)Z @ 91
Event: 17.437 Thread 0x000000001c5aa800 Uncommon trap: reason=unstable_if action=reinterpret pc=0x000000000509c570 method=com.google.gson.stream.JsonWriter.newline()V @ 4
Event: 17.438 Thread 0x000000001c5aa800 Uncommon trap: reason=class_check action=maybe_recompile pc=0x000000000418d020 method=java.util.HashMap.removeNode(ILjava/lang/Object;Ljava/lang/Object;ZZ)Ljava/util/HashMap$Node; @ 143
Event: 17.443 Thread 0x000000001ec9c000 Uncommon trap: reason=unstable_if action=reinterpret pc=0x00000000049fc14c method=java.util.concurrent.locks.AbstractQueuedSynchronizer.acquireQueued(Ljava/util/concurrent/locks/AbstractQueuedSynchronizer$Node;I)Z @ 70

Classes redefined (0 events):
No events

Internal exceptions (10 events):
Event: 16.532 Thread 0x000000001f406800 Exception <a 'sun/nio/fs/WindowsException'> (0x00000000e31caa38) thrown at [C:\src\AOSP-openjdk-git\hotspot\src\share\vm\prims\jni.cpp, line 710]
Event: 16.545 Thread 0x000000001ec9f800 Exception <a 'sun/nio/fs/WindowsException'> (0x00000000e32f6c68) thrown at [C:\src\AOSP-openjdk-git\hotspot\src\share\vm\prims\jni.cpp, line 710]
Event: 16.547 Thread 0x000000001ec9f800 Exception <a 'sun/nio/fs/WindowsException'> (0x00000000e3342118) thrown at [C:\src\AOSP-openjdk-git\hotspot\src\share\vm\prims\jni.cpp, line 710]
Event: 16.549 Thread 0x000000001ec9f800 Exception <a 'sun/nio/fs/WindowsException'> (0x00000000e3348f70) thrown at [C:\src\AOSP-openjdk-git\hotspot\src\share\vm\prims\jni.cpp, line 710]
Event: 16.551 Thread 0x000000001ec9f800 Exception <a 'sun/nio/fs/WindowsException'> (0x00000000e339fab8) thrown at [C:\src\AOSP-openjdk-git\hotspot\src\share\vm\prims\jni.cpp, line 710]
Event: 16.589 Thread 0x000000001f60f800 Exception <a 'sun/nio/fs/WindowsException'> (0x00000000e390eac8) thrown at [C:\src\AOSP-openjdk-git\hotspot\src\share\vm\prims\jni.cpp, line 710]
Event: 16.621 Thread 0x000000001f618000 Implicit null exception at 0x0000000004c3a304 to 0x0000000004c3e7e5
Event: 16.621 Thread 0x000000001f404800 Implicit null exception at 0x0000000004c3a304 to 0x0000000004c3e7e5
Event: 16.731 Thread 0x0000000020237000 Exception <a 'sun/nio/fs/WindowsException'> (0x00000000e55c7af8) thrown at [C:\src\AOSP-openjdk-git\hotspot\src\share\vm\prims\jni.cpp, line 710]
Event: 17.153 Thread 0x000000001f61a000 Exception <a 'java/lang/NoSuchMethodError': java.lang.Object.lambda$static$0(Lcom/android/apksig/util/RunnablesProvider;)V> (0x00000000e856ca48) thrown at [C:\src\AOSP-openjdk-git\hotspot\src\share\vm\interpreter\linkResolver.cpp, line 620]

Events (10 events):
Event: 17.479 Executing VM operation: RevokeBias done
Event: 17.479 loading class com/google/wireless/android/sdk/stats/AdbAssistantStatsOrBuilder
Event: 17.479 loading class com/google/wireless/android/sdk/stats/AdbAssistantStatsOrBuilder done
Event: 17.479 loading class com/google/wireless/android/sdk/stats/GradleSyncStatsOrBuilder
Event: 17.479 loading class com/google/wireless/android/sdk/stats/GradleSyncStatsOrBuilder done
Event: 17.480 loading class com/google/wireless/android/sdk/stats/UserSentimentOrBuilder
Event: 17.480 loading class com/google/wireless/android/sdk/stats/UserSentimentOrBuilder done
Event: 17.480 loading class com/google/wireless/android/sdk/stats/RunEventOrBuilder
Event: 17.480 loading class com/google/wireless/android/sdk/stats/RunEventOrBuilder done
Event: 17.480 Executing VM operation: CollectForMetadataAllocation


Dynamic libraries:
0x00007ff7600d0000 - 0x00007ff760101000 	C:\Program Files\Android\Android Studio\jre\bin\java.exe
0x00007ff88ecc0000 - 0x00007ff88eeb0000 	C:\WINDOWS\SYSTEM32\ntdll.dll
0x00007ff88d7a0000 - 0x00007ff88d852000 	C:\WINDOWS\System32\KERNEL32.DLL
0x00007ff88c520000 - 0x00007ff88c7c5000 	C:\WINDOWS\System32\KERNELBASE.dll
0x00007ff88cd70000 - 0x00007ff88ce13000 	C:\WINDOWS\System32\ADVAPI32.dll
0x00007ff88eb10000 - 0x00007ff88ebae000 	C:\WINDOWS\System32\msvcrt.dll
0x00007ff88cef0000 - 0x00007ff88cf87000 	C:\WINDOWS\System32\sechost.dll
0x00007ff88d680000 - 0x00007ff88d79f000 	C:\WINDOWS\System32\RPCRT4.dll
0x00007ff88e480000 - 0x00007ff88e614000 	C:\WINDOWS\System32\USER32.dll
0x00007ff88ca90000 - 0x00007ff88cab1000 	C:\WINDOWS\System32\win32u.dll
0x00007ff88cfa0000 - 0x00007ff88cfc6000 	C:\WINDOWS\System32\GDI32.dll
0x00007ff88c8f0000 - 0x00007ff88ca88000 	C:\WINDOWS\System32\gdi32full.dll
0x00007ff88cc40000 - 0x00007ff88ccde000 	C:\WINDOWS\System32\msvcp_win.dll
0x00007ff88bc40000 - 0x00007ff88bd3a000 	C:\WINDOWS\System32\ucrtbase.dll
0x00007ff872b80000 - 0x00007ff872e04000 	C:\WINDOWS\WinSxS\amd64_microsoft.windows.common-controls_6595b64144ccf1df_6.0.18362.1379_none_9e7ff3b3e45cc0c4\COMCTL32.dll
0x00007ff88e760000 - 0x00007ff88ea97000 	C:\WINDOWS\System32\combase.dll
0x00007ff88cce0000 - 0x00007ff88cd61000 	C:\WINDOWS\System32\bcryptPrimitives.dll
0x00007ff88e450000 - 0x00007ff88e47e000 	C:\WINDOWS\System32\IMM32.DLL
0x0000000062150000 - 0x0000000062222000 	C:\Program Files\Android\Android Studio\jre\jre\bin\msvcr100.dll
0x0000000062310000 - 0x0000000062b5b000 	C:\Program Files\Android\Android Studio\jre\jre\bin\server\jvm.dll
0x00007ff88e750000 - 0x00007ff88e758000 	C:\WINDOWS\System32\PSAPI.DLL
0x00007ff885900000 - 0x00007ff88590a000 	C:\WINDOWS\SYSTEM32\VERSION.dll
0x00007ff87a3d0000 - 0x00007ff87a3d9000 	C:\WINDOWS\SYSTEM32\WSOCK32.dll
0x00007ff887450000 - 0x00007ff887474000 	C:\WINDOWS\SYSTEM32\WINMM.dll
0x00007ff88dfb0000 - 0x00007ff88e01f000 	C:\WINDOWS\System32\WS2_32.dll
0x00007ff887420000 - 0x00007ff88744d000 	C:\WINDOWS\SYSTEM32\WINMMBASE.dll
0x00007ff88c7d0000 - 0x00007ff88c81a000 	C:\WINDOWS\System32\cfgmgr32.dll
0x00007ff8721d0000 - 0x00007ff8721df000 	C:\Program Files\Android\Android Studio\jre\jre\bin\verify.dll
0x00007ff865150000 - 0x00007ff865179000 	C:\Program Files\Android\Android Studio\jre\jre\bin\java.dll
0x00007ff8710d0000 - 0x00007ff8710e6000 	C:\Program Files\Android\Android Studio\jre\jre\bin\zip.dll
0x00007ff88d8c0000 - 0x00007ff88dfa8000 	C:\WINDOWS\System32\SHELL32.dll
0x00007ff88ce40000 - 0x00007ff88cee7000 	C:\WINDOWS\System32\shcore.dll
0x00007ff88bda0000 - 0x00007ff88c51b000 	C:\WINDOWS\System32\windows.storage.dll
0x00007ff88bbf0000 - 0x00007ff88bc13000 	C:\WINDOWS\System32\profapi.dll
0x00007ff88bb80000 - 0x00007ff88bbca000 	C:\WINDOWS\System32\powrprof.dll
0x00007ff88bb70000 - 0x00007ff88bb80000 	C:\WINDOWS\System32\UMPDC.dll
0x00007ff88e020000 - 0x00007ff88e072000 	C:\WINDOWS\System32\shlwapi.dll
0x00007ff88bbd0000 - 0x00007ff88bbe1000 	C:\WINDOWS\System32\kernel.appcore.dll
0x00007ff88c820000 - 0x00007ff88c837000 	C:\WINDOWS\System32\cryptsp.dll
0x00007ff865130000 - 0x00007ff86514a000 	C:\Program Files\Android\Android Studio\jre\jre\bin\net.dll
0x00007ff88b3b0000 - 0x00007ff88b417000 	C:\WINDOWS\system32\mswsock.dll
0x00007ff865110000 - 0x00007ff865123000 	C:\Program Files\Android\Android Studio\jre\jre\bin\nio.dll
0x00007ff869b80000 - 0x00007ff869ba7000 	C:\Users\lmsiu\.gradle\native\f6784746aeab05261644944871eae4fe03e0ef1612fff0a4a95f87b438bc6780\windows-amd64\native-platform.dll
0x00007ff870f40000 - 0x00007ff870f4d000 	C:\Program Files\Android\Android Studio\jre\jre\bin\management.dll
0x00007ff88af30000 - 0x00007ff88af63000 	C:\WINDOWS\system32\rsaenh.dll
0x00007ff88cac0000 - 0x00007ff88cae6000 	C:\WINDOWS\System32\bcrypt.dll
0x00007ff88ba90000 - 0x00007ff88bab5000 	C:\WINDOWS\SYSTEM32\USERENV.dll
0x00007ff88b580000 - 0x00007ff88b58c000 	C:\WINDOWS\SYSTEM32\CRYPTBASE.dll
0x00007ff88b0c0000 - 0x00007ff88b0fa000 	C:\WINDOWS\SYSTEM32\IPHLPAPI.DLL
0x00007ff88cf90000 - 0x00007ff88cf98000 	C:\WINDOWS\System32\NSI.dll
0x00007ff8819e0000 - 0x00007ff8819f6000 	C:\WINDOWS\SYSTEM32\dhcpcsvc6.DLL
0x00007ff882350000 - 0x00007ff88236c000 	C:\WINDOWS\SYSTEM32\dhcpcsvc.DLL
0x00007ff88b100000 - 0x00007ff88b1cb000 	C:\WINDOWS\SYSTEM32\DNSAPI.dll
0x00007ff882400000 - 0x00007ff88240b000 	C:\WINDOWS\SYSTEM32\WINNSI.DLL
0x00007ff88a450000 - 0x00007ff88a644000 	C:\WINDOWS\SYSTEM32\dbghelp.dll

VM Arguments:
jvm_args: -Xmx2048m -Dfile.encoding=UTF-8 -Duser.country=US -Duser.language=en -Duser.variant 
java_command: org.gradle.launcher.daemon.bootstrap.GradleDaemon 6.5
java_class_path (initial): C:\Users\lmsiu\.gradle\wrapper\dists\gradle-6.5-bin\6nifqtx7604sqp1q6g8wikw7p\gradle-6.5\lib\gradle-launcher-6.5.jar
Launcher Type: SUN_STANDARD

Environment Variables:
PATH=C:\Python39\Scripts\;C:\Python39\;C:\Program Files (x86)\Intel\Intel(R) Management Engine Components\iCLS\;C:\Program Files\Intel\Intel(R) Management Engine Components\iCLS\;C:\WINDOWS\system32;C:\WINDOWS;C:\WINDOWS\System32\Wbem;C:\WINDOWS\System32\WindowsPowerShell\v1.0\;C:\WINDOWS\System32\OpenSSH\;C:\Program Files (x86)\Intel\Intel(R) Management Engine Components\DAL;C:\Program Files\Intel\Intel(R) Management Engine Components\DAL;C:\Program Files (x86)\Intel\Intel(R) Management Engine Components\IPT;C:\Program Files\Intel\Intel(R) Management Engine Components\IPT;C:\Program Files\Intel\WiFi\bin\;C:\Program Files\Common Files\Intel\WirelessCommon\;C:\Program Files (x86)\PuTTY\;C:\Program Files\Git\cmd;C:\Program Files\nodejs\;C:\ProgramData\chocolatey\bin;C:\Users\lmsiu\AppData\Local\Microsoft\WindowsApps;;C:\Users\lmsiu\AppData\Local\Programs\Microsoft VS Code\bin;C:\Users\lmsiu\AppData\Roaming\npm
USERNAME=lmsiu
OS=Windows_NT
PROCESSOR_IDENTIFIER=Intel64 Family 6 Model 142 Stepping 10, GenuineIntel



---------------  S Y S T E M  ---------------

OS: Windows 10.0 , 64 bit Build 18362 (10.0.18362.1350)

CPU:total 8 (initial active 8) (4 cores per cpu, 2 threads per core) family 6 model 142 stepping 10, cmov, cx8, fxsr, mmx, sse, sse2, sse3, ssse3, sse4.1, sse4.2, popcnt, avx, avx2, aes, clmul, erms, 3dnowpref, lzcnt, ht, tsc, tscinvbit, bmi1, bmi2, adx

Memory: 4k page, physical 16607336k(6501484k free), swap 19097704k(6757112k free)

vm_info: OpenJDK 64-Bit Server VM (25.242-b01) for windows-amd64 JRE (1.8.0_242-release-1644-b01), built by "builder" with MS VC++ 10.0 (VS2010)

time: Thu Feb 18 23:02:16 2021
timezone: Pacific Standard Time
elapsed time: 17 seconds (0d 0h 0m 17s)

