#
# A fatal error has been detected by the Java Runtime Environment:
#
#  EXCEPTION_ACCESS_VIOLATION (0xc0000005) at pc=0x000000006239b7b0, pid=12660, tid=0x00000000000018c8
#
# JRE version: OpenJDK Runtime Environment (8.0_242-b01) (build 1.8.0_242-release-1644-b01)
# Java VM: OpenJDK 64-Bit Server VM (25.242-b01 mixed mode windows-amd64 compressed oops)
# Problematic frame:
# V  [jvm.dll+0x8b7b0]
#
# Failed to write core dump. Minidumps are not enabled by default on client versions of Windows
#
# If you would like to submit a bug report, please visit:
#   
#

---------------  T H R E A D  ---------------

Current thread (0x0000000002705000):  GCTaskThread [stack: 0x0000000012970000,0x0000000012a70000] [id=6344]

siginfo: ExceptionCode=0xc0000005, reading address 0x000000075860c648

Registers:
RAX=0x0000000000000000, RBX=0x00000000eb6461f0, RCX=0x00000000eb6461f0, RDX=0x000000075860c640
RSP=0x0000000012a6f4c8, RBP=0x0000000000000000, RSI=0x0000000017884cc0, RDI=0x0000209f00002758
R8 =0x0000000017884cc0, R9 =0x0000000000000006, R10=0x0000000000000008, R11=0x00000000f10426b0
R12=0x000000006292ddd0, R13=0x000000012006c47c, R14=0x0000000000000000, R15=0x0000000002705280
RIP=0x000000006239b7b0, EFLAGS=0x0000000000010202

Top of Stack: (sp=0x0000000012a6f4c8)
0x0000000012a6f4c8:   00000000626e27b2 00000000da417de0
0x0000000012a6f4d8:   0000000000000005 0000000017884cc0
0x0000000012a6f4e8:   00000000623d785a 00000000f103a6c0
0x0000000012a6f4f8:   0000000000001000 0000000000000048
0x0000000012a6f508:   00007ff800000001 0000000000000000
0x0000000012a6f518:   0000000002702801 000000006292ddd0
0x0000000012a6f528:   00000000626e2b20 00000000f103eb60
0x0000000012a6f538:   0000000000000000 0000000017884cc0
0x0000000012a6f548:   0000209f00002758 00000000f103eb60
0x0000000012a6f558:   00000000626e34f5 0000000000000029
0x0000000012a6f568:   000000006292ddd0 00000000f103eb50
0x0000000012a6f578:   00000000626e2a31 0000209f00002758
0x0000000012a6f588:   0000000000000004 0000000017884cc0
0x0000000012a6f598:   0000209f00002758 00000000f048dd48
0x0000000012a6f5a8:   0000209e00002758 0000189a000020bc
0x0000000012a6f5b8:   00003cd100000f3f 0000000002705270 

Instructions: (pc=0x000000006239b7b0)
0x000000006239b790:   1c 8f 1d 00 48 8b 9c 24 c0 00 00 00 48 81 c4 b0
0x000000006239b7a0:   00 00 00 5d c3 cc cc cc cc cc cc cc cc cc cc cc
0x000000006239b7b0:   44 8b 42 08 4c 8b ca 45 85 c0 7e 0e 41 f6 c0 01
0x000000006239b7c0:   75 57 41 c1 f8 03 41 8b c0 c3 79 4d 80 3d 7e 97 


Register to memory mapping:

RAX=0x0000000000000000 is an unknown value
RBX=0x00000000eb6461f0 is an oop

[error occurred during error reporting (printing register info), id 0xc0000005]

Stack: [0x0000000012970000,0x0000000012a70000],  sp=0x0000000012a6f4c8,  free space=1021k
Native frames: (J=compiled Java code, j=interpreted, Vv=VM code, C=native code)


---------------  P R O C E S S  ---------------

Java Threads: ( => current thread )
  0x000000001eaaf000 JavaThread "Cache worker for execution history cache (C:\Users\lmsiu\AndroidStudioProjects\Flixter\.gradle\6.5\executionHistory)" [_thread_blocked, id=7884, stack(0x0000000031370000,0x0000000031470000)]
  0x000000001eab1800 JavaThread "Execution worker for ':' Thread 7" [_thread_blocked, id=12444, stack(0x000000002fe70000,0x000000002ff70000)]
  0x000000001eab2000 JavaThread "Execution worker for ':' Thread 6" [_thread_blocked, id=3432, stack(0x000000002e7a0000,0x000000002e8a0000)]
  0x000000001eab6000 JavaThread "Execution worker for ':' Thread 5" [_thread_blocked, id=14300, stack(0x000000002e4a0000,0x000000002e5a0000)]
  0x0000000021038800 JavaThread "Execution worker for ':' Thread 4" [_thread_blocked, id=12904, stack(0x000000002dba0000,0x000000002dca0000)]
  0x0000000021038000 JavaThread "Execution worker for ':' Thread 3" [_thread_blocked, id=11364, stack(0x000000002daa0000,0x000000002dba0000)]
  0x0000000021035800 JavaThread "Execution worker for ':' Thread 2" [_thread_blocked, id=8164, stack(0x000000002d9a0000,0x000000002daa0000)]
  0x0000000021035000 JavaThread "Execution worker for ':'" [_thread_blocked, id=15056, stack(0x000000002d1c0000,0x000000002d2c0000)]
  0x0000000021034000 JavaThread "Cache worker for file content cache (C:\Users\lmsiu\AndroidStudioProjects\Flixter\.gradle\6.5\fileContent)" [_thread_blocked, id=10432, stack(0x000000002ccc0000,0x000000002cdc0000)]
  0x000000002103b000 JavaThread "Cache worker for Build Output Cleanup Cache (C:\Users\lmsiu\AndroidStudioProjects\Flixter\.gradle\buildOutputCleanup)" [_thread_blocked, id=1584, stack(0x000000002c5c0000,0x000000002c6c0000)]
  0x0000000021037000 JavaThread "jar transforms Thread 644" [_thread_blocked, id=13988, stack(0x000000002aa40000,0x000000002ab40000)]
  0x000000002103a000 JavaThread "jar transforms Thread 643" [_thread_blocked, id=15808, stack(0x000000002a510000,0x000000002a610000)]
  0x0000000021039800 JavaThread "jar transforms Thread 642" [_thread_blocked, id=11108, stack(0x00000000286b0000,0x00000000287b0000)]
  0x0000000021036800 JavaThread "jar transforms Thread 641" [_thread_blocked, id=1644, stack(0x00000000283b0000,0x00000000284b0000)]
  0x000000002102c800 JavaThread "jar transforms Thread 640" [_thread_blocked, id=5416, stack(0x00000000282b0000,0x00000000283b0000)]
  0x000000002102f000 JavaThread "jar transforms Thread 639" [_thread_blocked, id=12832, stack(0x00000000281b0000,0x00000000282b0000)]
  0x0000000021033800 JavaThread "jar transforms Thread 638" [_thread_blocked, id=7908, stack(0x00000000280b0000,0x00000000281b0000)]
  0x000000002102c000 JavaThread "jar transforms Thread 637" [_thread_blocked, id=15172, stack(0x0000000027eb0000,0x0000000027fb0000)]
  0x000000002102d800 JavaThread "jar transforms Thread 636" [_thread_blocked, id=8600, stack(0x0000000027db0000,0x0000000027eb0000)]
  0x0000000021032800 JavaThread "jar transforms Thread 635" [_thread_blocked, id=8168, stack(0x0000000027cb0000,0x0000000027db0000)]
  0x0000000021030800 JavaThread "jar transforms Thread 634" [_thread_blocked, id=10036, stack(0x0000000027bb0000,0x0000000027cb0000)]
  0x0000000021031000 JavaThread "jar transforms Thread 633" [_thread_blocked, id=15796, stack(0x0000000027ab0000,0x0000000027bb0000)]
  0x000000002102f800 JavaThread "jar transforms Thread 632" [_thread_blocked, id=4040, stack(0x00000000279b0000,0x0000000027ab0000)]
  0x0000000029537800 JavaThread "jar transforms Thread 631" [_thread_blocked, id=3740, stack(0x00000000278b0000,0x00000000279b0000)]
  0x0000000029536000 JavaThread "jar transforms Thread 630" [_thread_blocked, id=14004, stack(0x00000000277b0000,0x00000000278b0000)]
  0x0000000029535800 JavaThread "jar transforms Thread 629" [_thread_blocked, id=7312, stack(0x00000000276b0000,0x00000000277b0000)]
  0x0000000029532800 JavaThread "jar transforms Thread 628" [_thread_blocked, id=10368, stack(0x00000000275b0000,0x00000000276b0000)]
  0x0000000029537000 JavaThread "jar transforms Thread 627" [_thread_blocked, id=2596, stack(0x00000000274b0000,0x00000000275b0000)]
  0x0000000029531800 JavaThread "jar transforms Thread 626" [_thread_blocked, id=14320, stack(0x00000000273b0000,0x00000000274b0000)]
  0x0000000029531000 JavaThread "jar transforms Thread 625" [_thread_blocked, id=6620, stack(0x00000000272b0000,0x00000000273b0000)]
  0x0000000029534800 JavaThread "jar transforms Thread 624" [_thread_blocked, id=12496, stack(0x00000000271b0000,0x00000000272b0000)]
  0x0000000029534000 JavaThread "jar transforms Thread 623" [_thread_blocked, id=3104, stack(0x00000000270b0000,0x00000000271b0000)]
  0x0000000029533000 JavaThread "jar transforms Thread 622" [_thread_blocked, id=6712, stack(0x0000000026fb0000,0x00000000270b0000)]
  0x0000000029529800 JavaThread "jar transforms Thread 621" [_thread_blocked, id=13680, stack(0x0000000026eb0000,0x0000000026fb0000)]
  0x0000000029528800 JavaThread "jar transforms Thread 620" [_thread_blocked, id=288, stack(0x0000000026db0000,0x0000000026eb0000)]
  0x000000002952e800 JavaThread "jar transforms Thread 619" [_thread_blocked, id=1288, stack(0x0000000026cb0000,0x0000000026db0000)]
  0x000000002952f800 JavaThread "jar transforms Thread 618" [_thread_blocked, id=13056, stack(0x0000000026bb0000,0x0000000026cb0000)]
  0x000000002952c800 JavaThread "jar transforms Thread 617" [_thread_blocked, id=2440, stack(0x0000000026ab0000,0x0000000026bb0000)]
  0x000000002952a000 JavaThread "jar transforms Thread 616" [_thread_blocked, id=6732, stack(0x00000000269b0000,0x0000000026ab0000)]
  0x000000002952d000 JavaThread "jar transforms Thread 615" [_thread_blocked, id=6672, stack(0x00000000268b0000,0x00000000269b0000)]
  0x000000002952b800 JavaThread "jar transforms Thread 614" [_thread_blocked, id=6800, stack(0x00000000267b0000,0x00000000268b0000)]
  0x000000002952e000 JavaThread "jar transforms Thread 613" [_thread_blocked, id=8380, stack(0x00000000266b0000,0x00000000267b0000)]
  0x000000002b745000 JavaThread "jar transforms Thread 612" [_thread_blocked, id=14848, stack(0x00000000265b0000,0x00000000266b0000)]
  0x000000002b747000 JavaThread "jar transforms Thread 611" [_thread_blocked, id=2392, stack(0x00000000264b0000,0x00000000265b0000)]
  0x000000002b744000 JavaThread "jar transforms Thread 610" [_thread_blocked, id=14624, stack(0x00000000263b0000,0x00000000264b0000)]
  0x000000002b745800 JavaThread "jar transforms Thread 609" [_thread_blocked, id=15124, stack(0x00000000262b0000,0x00000000263b0000)]
  0x000000002b746800 JavaThread "jar transforms Thread 608" [_thread_blocked, id=12596, stack(0x00000000261b0000,0x00000000262b0000)]
  0x000000002b743800 JavaThread "jar transforms Thread 607" [_thread_blocked, id=11292, stack(0x00000000260b0000,0x00000000261b0000)]
  0x000000002b73c800 JavaThread "jar transforms Thread 606" [_thread_blocked, id=5040, stack(0x0000000025fb0000,0x00000000260b0000)]
  0x000000002b73b800 JavaThread "jar transforms Thread 605" [_thread_blocked, id=7328, stack(0x0000000025eb0000,0x0000000025fb0000)]
  0x000000002b742800 JavaThread "jar transforms Thread 604" [_thread_blocked, id=6612, stack(0x0000000025db0000,0x0000000025eb0000)]
  0x000000002b73b000 JavaThread "jar transforms Thread 603" [_thread_blocked, id=2784, stack(0x0000000025cb0000,0x0000000025db0000)]
  0x000000002b741000 JavaThread "jar transforms Thread 602" [_thread_blocked, id=11176, stack(0x0000000025bb0000,0x0000000025cb0000)]
  0x000000002b741800 JavaThread "jar transforms Thread 601" [_thread_blocked, id=13800, stack(0x0000000025ab0000,0x0000000025bb0000)]
  0x000000002b740000 JavaThread "jar transforms Thread 600" [_thread_blocked, id=15524, stack(0x00000000259b0000,0x0000000025ab0000)]
  0x000000002b739800 JavaThread "jar transforms Thread 599" [_thread_blocked, id=8540, stack(0x00000000258b0000,0x00000000259b0000)]
  0x000000002b73f800 JavaThread "jar transforms Thread 598" [_thread_blocked, id=11700, stack(0x00000000257b0000,0x00000000258b0000)]
  0x000000002b73e000 JavaThread "jar transforms Thread 597" [_thread_blocked, id=10972, stack(0x00000000256b0000,0x00000000257b0000)]
  0x000000002b738000 JavaThread "jar transforms Thread 596" [_thread_blocked, id=1440, stack(0x00000000255b0000,0x00000000256b0000)]
  0x000000002b73d000 JavaThread "jar transforms Thread 595" [_thread_blocked, id=14732, stack(0x00000000254b0000,0x00000000255b0000)]
  0x000000002b73e800 JavaThread "jar transforms Thread 594" [_thread_blocked, id=6904, stack(0x00000000253b0000,0x00000000254b0000)]
  0x000000002b738800 JavaThread "jar transforms Thread 593" [_thread_blocked, id=2896, stack(0x00000000252b0000,0x00000000253b0000)]
  0x000000001f053800 JavaThread "jar transforms Thread 592" [_thread_blocked, id=9968, stack(0x00000000251b0000,0x00000000252b0000)]
  0x000000001f052000 JavaThread "jar transforms Thread 591" [_thread_blocked, id=600, stack(0x00000000250b0000,0x00000000251b0000)]
  0x000000001f051800 JavaThread "jar transforms Thread 590" [_thread_blocked, id=14340, stack(0x0000000024fb0000,0x00000000250b0000)]
  0x000000001f050800 JavaThread "jar transforms Thread 589" [_thread_blocked, id=7692, stack(0x0000000024eb0000,0x0000000024fb0000)]
  0x000000001f049000 JavaThread "jar transforms Thread 588" [_thread_blocked, id=7668, stack(0x0000000024db0000,0x0000000024eb0000)]
  0x000000001f050000 JavaThread "jar transforms Thread 587" [_thread_blocked, id=9388, stack(0x0000000024cb0000,0x0000000024db0000)]
  0x000000001f04f000 JavaThread "jar transforms Thread 586" [_thread_blocked, id=11680, stack(0x0000000024bb0000,0x0000000024cb0000)]
  0x000000001f047800 JavaThread "jar transforms Thread 585" [_thread_blocked, id=10288, stack(0x0000000024ab0000,0x0000000024bb0000)]
  0x000000001f04e800 JavaThread "jar transforms Thread 584" [_thread_blocked, id=2536, stack(0x00000000249b0000,0x0000000024ab0000)]
  0x000000001f04d800 JavaThread "jar transforms Thread 583" [_thread_blocked, id=15304, stack(0x00000000248b0000,0x00000000249b0000)]
  0x000000001f046000 JavaThread "jar transforms Thread 582" [_thread_blocked, id=9512, stack(0x00000000247b0000,0x00000000248b0000)]
  0x000000001f04a800 JavaThread "jar transforms Thread 581" [_thread_blocked, id=13476, stack(0x00000000246b0000,0x00000000247b0000)]
  0x000000001f04d000 JavaThread "jar transforms Thread 580" [_thread_blocked, id=4488, stack(0x00000000245b0000,0x00000000246b0000)]
  0x000000001f047000 JavaThread "jar transforms Thread 579" [_thread_blocked, id=11612, stack(0x00000000244b0000,0x00000000245b0000)]
  0x000000001f048800 JavaThread "jar transforms Thread 578" [_thread_blocked, id=7772, stack(0x00000000243b0000,0x00000000244b0000)]
  0x000000001f045800 JavaThread "jar transforms Thread 577" [_thread_blocked, id=14208, stack(0x00000000242b0000,0x00000000243b0000)]
  0x000000001f04a000 JavaThread "jar transforms Thread 576" [_thread_blocked, id=3840, stack(0x00000000241b0000,0x00000000242b0000)]
  0x000000001f04b800 JavaThread "jar transforms Thread 575" [_thread_blocked, id=12276, stack(0x00000000240b0000,0x00000000241b0000)]
  0x000000001f04c000 JavaThread "jar transforms Thread 574" [_thread_blocked, id=6764, stack(0x0000000023fb0000,0x00000000240b0000)]
  0x000000001f044800 JavaThread "jar transforms Thread 573" [_thread_blocked, id=15164, stack(0x0000000023eb0000,0x0000000023fb0000)]
  0x000000002ef06800 JavaThread "jar transforms Thread 572" [_thread_blocked, id=7892, stack(0x0000000023db0000,0x0000000023eb0000)]
  0x000000002ef0c800 JavaThread "jar transforms Thread 571" [_thread_blocked, id=3164, stack(0x0000000023cb0000,0x0000000023db0000)]
  0x000000002ef0b800 JavaThread "jar transforms Thread 570" [_thread_blocked, id=13164, stack(0x0000000023bb0000,0x0000000023cb0000)]
  0x000000002ef0b000 JavaThread "jar transforms Thread 569" [_thread_blocked, id=11388, stack(0x0000000023ab0000,0x0000000023bb0000)]
  0x000000002ef0a000 JavaThread "jar transforms Thread 568" [_thread_blocked, id=15084, stack(0x00000000239b0000,0x0000000023ab0000)]
  0x000000002ef09800 JavaThread "jar transforms Thread 567" [_thread_blocked, id=13628, stack(0x00000000234b0000,0x00000000235b0000)]
  0x000000002ef05800 JavaThread "jar transforms Thread 566" [_thread_blocked, id=13708, stack(0x00000000233b0000,0x00000000234b0000)]
  0x000000002ef08800 JavaThread "jar transforms Thread 565" [_thread_blocked, id=13376, stack(0x00000000232b0000,0x00000000233b0000)]
  0x000000002ef05000 JavaThread "jar transforms Thread 564" [_thread_blocked, id=3200, stack(0x00000000231b0000,0x00000000232b0000)]
  0x000000002ef08000 JavaThread "jar transforms Thread 563" [_thread_blocked, id=11332, stack(0x00000000230b0000,0x00000000231b0000)]
  0x000000002ef07000 JavaThread "jar transforms Thread 562" [_thread_blocked, id=10960, stack(0x0000000022fb0000,0x00000000230b0000)]
  0x000000002eefd800 JavaThread "jar transforms Thread 561" [_thread_blocked, id=6668, stack(0x0000000022cb0000,0x0000000022db0000)]
  0x000000002ef04000 JavaThread "jar transforms Thread 560" [_thread_blocked, id=7952, stack(0x0000000022bb0000,0x0000000022cb0000)]
  0x000000002ef03800 JavaThread "jar transforms Thread 559" [_thread_blocked, id=7080, stack(0x0000000022ab0000,0x0000000022bb0000)]
  0x000000002ef01000 JavaThread "jar transforms Thread 558" [_thread_blocked, id=11896, stack(0x00000000229b0000,0x0000000022ab0000)]
  0x000000002eeff800 JavaThread "jar transforms Thread 557" [_thread_blocked, id=8616, stack(0x00000000228b0000,0x00000000229b0000)]
  0x000000002eeff000 JavaThread "jar transforms Thread 556" [_thread_blocked, id=15504, stack(0x00000000226b0000,0x00000000227b0000)]
  0x000000002ef02800 JavaThread "jar transforms Thread 555" [_thread_blocked, id=10804, stack(0x00000000225b0000,0x00000000226b0000)]
  0x000000002eefe000 JavaThread "jar transforms Thread 554" [_thread_blocked, id=11652, stack(0x00000000224b0000,0x00000000225b0000)]
  0x000000002ef00800 JavaThread "jar transforms Thread 553" [_thread_blocked, id=13868, stack(0x00000000223b0000,0x00000000224b0000)]
  0x000000001f081800 JavaThread "Build operations Thread 8" [_thread_blocked, id=11836, stack(0x00000000222b0000,0x00000000223b0000)]
  0x000000001f081000 JavaThread "Build operations Thread 7" [_thread_blocked, id=14296, stack(0x00000000221b0000,0x00000000222b0000)]
  0x000000001f085800 JavaThread "Build operations Thread 6" [_thread_blocked, id=7688, stack(0x00000000220b0000,0x00000000221b0000)]
  0x000000001f084800 JavaThread "Build operations Thread 5" [_thread_blocked, id=8256, stack(0x0000000021fb0000,0x00000000220b0000)]
  0x000000001f07c800 JavaThread "Build operations Thread 4" [_thread_blocked, id=15060, stack(0x00000000207e0000,0x00000000208e0000)]
  0x000000001f082800 JavaThread "Build operations Thread 3" [_thread_blocked, id=7320, stack(0x000000001ffe0000,0x00000000200e0000)]
  0x000000001f07b000 JavaThread "Build operations Thread 2" [_thread_blocked, id=8116, stack(0x000000001fee0000,0x000000001ffe0000)]
  0x000000001f07f800 JavaThread "Build operations" [_thread_blocked, id=4588, stack(0x000000001f950000,0x000000001fa50000)]
  0x000000001f07e800 JavaThread "Cache worker for cache directory md-rule (C:\Users\lmsiu\.gradle\caches\6.5\md-rule)" [_thread_blocked, id=13004, stack(0x000000001f850000,0x000000001f950000)]
  0x000000001f080000 JavaThread "Cache worker for cache directory md-supplier (C:\Users\lmsiu\.gradle\caches\6.5\md-supplier)" [_thread_blocked, id=15200, stack(0x000000001e080000,0x000000001e180000)]
  0x000000001f077000 JavaThread "Cache worker for checksums cache (C:\Users\lmsiu\AndroidStudioProjects\Flixter\.gradle\checksums)" [_thread_blocked, id=10200, stack(0x000000001df80000,0x000000001e080000)]
  0x000000001f07e000 JavaThread "Cache worker for file hash cache (C:\Users\lmsiu\AndroidStudioProjects\Flixter\.gradle\6.5\fileHashes)" [_thread_blocked, id=3912, stack(0x000000001de80000,0x000000001df80000)]
  0x000000001f07a000 JavaThread "Thread-834" [_thread_blocked, id=13016, stack(0x000000001dd80000,0x000000001de80000)]
  0x000000001f079800 JavaThread "Stdin handler" [_thread_blocked, id=5808, stack(0x000000001da80000,0x000000001db80000)]
  0x000000001f076800 JavaThread "Asynchronous log dispatcher for DefaultDaemonConnection: socket connection from /127.0.0.1:50830 to /127.0.0.1:51777" [_thread_blocked, id=13272, stack(0x000000001d440000,0x000000001d540000)]
  0x000000001f07b800 JavaThread "Daemon worker Thread 6" [_thread_blocked, id=9280, stack(0x000000001d340000,0x000000001d440000)]
  0x000000001f078800 JavaThread "Cancel handler" [_thread_blocked, id=12284, stack(0x0000000000c40000,0x0000000000d40000)]
  0x000000001f078000 JavaThread "Handler for socket connection from /127.0.0.1:50830 to /127.0.0.1:51777" [_thread_in_native, id=10828, stack(0x0000000000b40000,0x0000000000c40000)]
  0x000000001f07d000 JavaThread "Daemon Thread 6" [_thread_blocked, id=16280, stack(0x0000000000a40000,0x0000000000b40000)]
  0x0000000029530000 JavaThread "Cache worker for Java compile cache (C:\Users\lmsiu\.gradle\caches\6.5\javaCompile)" [_thread_blocked, id=8976, stack(0x000000002ae10000,0x000000002af10000)]
  0x000000001f053000 JavaThread "Memory manager" [_thread_blocked, id=10216, stack(0x0000000029df0000,0x0000000029ef0000)]
  0x000000001aa02800 JavaThread "Cache worker for file content cache (C:\Users\lmsiu\.gradle\caches\6.5\fileContent)" [_thread_blocked, id=12544, stack(0x00000000208e0000,0x00000000209e0000)]
  0x000000001aa01800 JavaThread "Cache worker for execution history cache (C:\Users\lmsiu\.gradle\caches\6.5\executionHistory)" [_thread_blocked, id=12640, stack(0x00000000200e0000,0x00000000201e0000)]
  0x000000001aa04800 JavaThread "Cache worker for file hash cache (C:\Users\lmsiu\.gradle\caches\6.5\fileHashes)" [_thread_blocked, id=1292, stack(0x000000001e580000,0x000000001e680000)]
  0x000000001aa00000 JavaThread "File lock request listener" [_thread_in_native, id=7548, stack(0x000000001e480000,0x000000001e580000)]
  0x000000001a88d800 JavaThread "Cache worker for journal cache (C:\Users\lmsiu\.gradle\caches\journal-1)" [_thread_blocked, id=8964, stack(0x000000001e380000,0x000000001e480000)]
  0x000000001c1ef000 JavaThread "Daemon periodic checks" [_thread_blocked, id=8820, stack(0x000000001d780000,0x000000001d880000)]
  0x000000001c189800 JavaThread "Incoming local TCP Connector on port 50830" [_thread_in_native, id=14596, stack(0x000000001d540000,0x000000001d640000)]
  0x000000001c10c800 JavaThread "Daemon health stats" [_thread_blocked, id=5708, stack(0x000000001cf00000,0x000000001d000000)]
  0x000000001971e800 JavaThread "Service Thread" daemon [_thread_blocked, id=15764, stack(0x000000001a360000,0x000000001a460000)]
  0x000000001969b800 JavaThread "C1 CompilerThread3" daemon [_thread_blocked, id=2628, stack(0x000000001a260000,0x000000001a360000)]
  0x0000000019695800 JavaThread "C2 CompilerThread2" daemon [_thread_in_native, id=2076, stack(0x000000001a160000,0x000000001a260000)]
  0x000000001789d000 JavaThread "C2 CompilerThread1" daemon [_thread_blocked, id=15052, stack(0x000000001a060000,0x000000001a160000)]
  0x0000000017899800 JavaThread "C2 CompilerThread0" daemon [_thread_blocked, id=13204, stack(0x0000000019f60000,0x000000001a060000)]
  0x0000000019683800 JavaThread "Attach Listener" daemon [_thread_blocked, id=13264, stack(0x0000000019e60000,0x0000000019f60000)]
  0x0000000019682800 JavaThread "Signal Dispatcher" daemon [_thread_blocked, id=12224, stack(0x0000000019d60000,0x0000000019e60000)]
  0x00000000027dc800 JavaThread "Finalizer" daemon [_thread_blocked, id=14392, stack(0x0000000019b50000,0x0000000019c50000)]
  0x0000000019670800 JavaThread "Reference Handler" daemon [_thread_blocked, id=6932, stack(0x0000000019a50000,0x0000000019b50000)]
  0x00000000026be800 JavaThread "main" [_thread_blocked, id=13008, stack(0x00000000025b0000,0x00000000026b0000)]

Other Threads:
  0x0000000017888000 VMThread [stack: 0x0000000019550000,0x0000000019650000] [id=2900]
  0x000000001971f000 WatcherThread [stack: 0x000000001a460000,0x000000001a560000] [id=15312]

=>0x0000000002705000 (exited) GCTaskThread [stack: 0x0000000012970000,0x0000000012a70000] [id=6344]

VM state:at safepoint (normal execution)

VM Mutex/Monitor currently owned by a thread:  ([mutex/lock_event])
[0x00000000026bd430] Threads_lock - owner thread: 0x0000000017888000
[0x00000000026bcbb0] Heap_lock - owner thread: 0x000000001f07b000

heap address: 0x0000000080000000, size: 2048 MB, Compressed Oops mode: 32-bit
Narrow klass base: 0x0000000000000000, Narrow klass shift: 3
Compressed class space size: 1073741824 Address: 0x0000000100000000

Heap:
 PSYoungGen      total 390144K, used 372880K [0x00000000d5580000, 0x00000000f1100000, 0x0000000100000000)
  eden space 344064K, 100% used [0x00000000d5580000,0x00000000ea580000,0x00000000ea580000)
  from space 46080K, 62% used [0x00000000ea580000,0x00000000ec1a4350,0x00000000ed280000)
  to   space 46592K, 99% used [0x00000000ee380000,0x00000000f10f26c0,0x00000000f1100000)
 ParOldGen       total 309248K, used 58328K [0x0000000080000000, 0x0000000092e00000, 0x00000000d5580000)
  object space 309248K, 18% used [0x0000000080000000,0x00000000838f6140,0x0000000092e00000)
 Metaspace       used 117204K, capacity 124040K, committed 124056K, reserved 1157120K
  class space    used 15167K, capacity 16547K, committed 16560K, reserved 1048576K

Card table byte_map: [0x0000000011bb0000,0x0000000011fc0000] byte_map_base: 0x00000000117b0000

Marking Bits: (ParMarkBitMap*) 0x0000000062adf030
 Begin Bits: [0x0000000012a70000, 0x0000000014a70000)
 End Bits:   [0x0000000014a70000, 0x0000000016a70000)

Polling page: 0x00000000026c0000

CodeCache: size=245760Kb used=61297Kb max_used=61297Kb free=184462Kb
 bounds [0x00000000027f0000, 0x0000000006430000, 0x00000000117f0000]
 total_blobs=18989 nmethods=18032 adapters=868
 compilation: enabled

Compilation events (10 events):
Event: 2938.623 Thread 0x000000001969b800 22446       2       org.objectweb.asm.signature.SignatureWriter::visitClassBound (2 bytes)
Event: 2938.623 Thread 0x000000001969b800 nmethod 22446 0x000000000364bd10 code [0x000000000364be60, 0x000000000364bfb0]
Event: 2938.623 Thread 0x000000001969b800 22447       2       org.objectweb.asm.commons.ClassRemapper::visitAnnotation (28 bytes)
Event: 2938.623 Thread 0x000000001969b800 nmethod 22447 0x00000000052dfd10 code [0x00000000052dfec0, 0x00000000052e01e8]
Event: 2938.623 Thread 0x000000001969b800 22448       2       org.objectweb.asm.ClassVisitor::visitAnnotation (19 bytes)
Event: 2938.624 Thread 0x000000001969b800 nmethod 22448 0x00000000042f2390 code [0x00000000042f2500, 0x00000000042f2688]
Event: 2938.624 Thread 0x000000001969b800 22449       2       org.objectweb.asm.commons.AnnotationRemapper::visitEnum (15 bytes)
Event: 2938.624 Thread 0x000000001969b800 nmethod 22449 0x00000000042f1d10 code [0x00000000042f1ea0, 0x00000000042f20d8]
Event: 2938.624 Thread 0x000000001969b800 22450       2       org.objectweb.asm.AnnotationVisitor::visitEnum (18 bytes)
Event: 2938.624 Thread 0x000000001969b800 nmethod 22450 0x0000000004f929d0 code [0x0000000004f92b40, 0x0000000004f92cc8]

GC Heap History (10 events):
Event: 627.444 GC heap after
Heap after GC invocations=19 (full 4):
 PSYoungGen      total 311808K, used 24689K [0x00000000d5580000, 0x00000000ed900000, 0x0000000100000000)
  eden space 282112K, 0% used [0x00000000d5580000,0x00000000d5580000,0x00000000e6900000)
  from space 29696K, 83% used [0x00000000e6900000,0x00000000e811c5e8,0x00000000e8600000)
  to   space 32256K, 0% used [0x00000000eb980000,0x00000000eb980000,0x00000000ed900000)
 ParOldGen       total 309248K, used 56270K [0x0000000080000000, 0x0000000092e00000, 0x00000000d5580000)
  object space 309248K, 18% used [0x0000000080000000,0x00000000836f3848,0x0000000092e00000)
 Metaspace       used 102904K, capacity 107862K, committed 108568K, reserved 1142784K
  class space    used 13728K, capacity 14699K, committed 14896K, reserved 1048576K
}
Event: 668.389 GC heap before
{Heap before GC invocations=20 (full 4):
 PSYoungGen      total 311808K, used 306801K [0x00000000d5580000, 0x00000000ed900000, 0x0000000100000000)
  eden space 282112K, 100% used [0x00000000d5580000,0x00000000e6900000,0x00000000e6900000)
  from space 29696K, 83% used [0x00000000e6900000,0x00000000e811c5e8,0x00000000e8600000)
  to   space 32256K, 0% used [0x00000000eb980000,0x00000000eb980000,0x00000000ed900000)
 ParOldGen       total 309248K, used 56270K [0x0000000080000000, 0x0000000092e00000, 0x00000000d5580000)
  object space 309248K, 18% used [0x0000000080000000,0x00000000836f3848,0x0000000092e00000)
 Metaspace       used 109534K, capacity 115106K, committed 115224K, reserved 1148928K
  class space    used 14534K, capacity 15645K, committed 15664K, reserved 1048576K
Event: 668.413 GC heap after
Heap after GC invocations=20 (full 4):
 PSYoungGen      total 355840K, used 32247K [0x00000000d5580000, 0x00000000eda80000, 0x0000000100000000)
  eden space 323584K, 0% used [0x00000000d5580000,0x00000000d5580000,0x00000000e9180000)
  from space 32256K, 99% used [0x00000000eb980000,0x00000000ed8fdf78,0x00000000ed900000)
  to   space 37376K, 0% used [0x00000000e9180000,0x00000000e9180000,0x00000000eb600000)
 ParOldGen       total 309248K, used 58296K [0x0000000080000000, 0x0000000092e00000, 0x00000000d5580000)
  object space 309248K, 18% used [0x0000000080000000,0x00000000838ee140,0x0000000092e00000)
 Metaspace       used 109534K, capacity 115106K, committed 115224K, reserved 1148928K
  class space    used 14534K, capacity 15645K, committed 15664K, reserved 1048576K
}
Event: 855.542 GC heap before
{Heap before GC invocations=21 (full 4):
 PSYoungGen      total 355840K, used 355831K [0x00000000d5580000, 0x00000000eda80000, 0x0000000100000000)
  eden space 323584K, 100% used [0x00000000d5580000,0x00000000e9180000,0x00000000e9180000)
  from space 32256K, 99% used [0x00000000eb980000,0x00000000ed8fdf78,0x00000000ed900000)
  to   space 37376K, 0% used [0x00000000e9180000,0x00000000e9180000,0x00000000eb600000)
 ParOldGen       total 309248K, used 58296K [0x0000000080000000, 0x0000000092e00000, 0x00000000d5580000)
  object space 309248K, 18% used [0x0000000080000000,0x00000000838ee140,0x0000000092e00000)
 Metaspace       used 111348K, capacity 117102K, committed 117144K, reserved 1150976K
  class space    used 14627K, capacity 15781K, committed 15792K, reserved 1048576K
Event: 855.579 GC heap after
Heap after GC invocations=21 (full 4):
 PSYoungGen      total 360960K, used 33136K [0x00000000d5580000, 0x00000000efa80000, 0x0000000100000000)
  eden space 323584K, 0% used [0x00000000d5580000,0x00000000d5580000,0x00000000e9180000)
  from space 37376K, 88% used [0x00000000e9180000,0x00000000eb1dc220,0x00000000eb600000)
  to   space 40960K, 0% used [0x00000000ed280000,0x00000000ed280000,0x00000000efa80000)
 ParOldGen       total 309248K, used 58304K [0x0000000080000000, 0x0000000092e00000, 0x00000000d5580000)
  object space 309248K, 18% used [0x0000000080000000,0x00000000838f0140,0x0000000092e00000)
 Metaspace       used 111348K, capacity 117102K, committed 117144K, reserved 1150976K
  class space    used 14627K, capacity 15781K, committed 15792K, reserved 1048576K
}
Event: 1773.222 GC heap before
{Heap before GC invocations=22 (full 4):
 PSYoungGen      total 360960K, used 356720K [0x00000000d5580000, 0x00000000efa80000, 0x0000000100000000)
  eden space 323584K, 100% used [0x00000000d5580000,0x00000000e9180000,0x00000000e9180000)
  from space 37376K, 88% used [0x00000000e9180000,0x00000000eb1dc220,0x00000000eb600000)
  to   space 40960K, 0% used [0x00000000ed280000,0x00000000ed280000,0x00000000efa80000)
 ParOldGen       total 309248K, used 58304K [0x0000000080000000, 0x0000000092e00000, 0x00000000d5580000)
  object space 309248K, 18% used [0x0000000080000000,0x00000000838f0140,0x0000000092e00000)
 Metaspace       used 112926K, capacity 119126K, committed 119192K, reserved 1153024K
  class space    used 14749K, capacity 15989K, committed 16048K, reserved 1048576K
Event: 1773.268 GC heap after
Heap after GC invocations=22 (full 4):
 PSYoungGen      total 385024K, used 38497K [0x00000000d5580000, 0x00000000eff80000, 0x0000000100000000)
  eden space 344064K, 0% used [0x00000000d5580000,0x00000000d5580000,0x00000000ea580000)
  from space 40960K, 93% used [0x00000000ed280000,0x00000000ef818548,0x00000000efa80000)
  to   space 46080K, 0% used [0x00000000ea580000,0x00000000ea580000,0x00000000ed280000)
 ParOldGen       total 309248K, used 58312K [0x0000000080000000, 0x0000000092e00000, 0x00000000d5580000)
  object space 309248K, 18% used [0x0000000080000000,0x00000000838f2140,0x0000000092e00000)
 Metaspace       used 112926K, capacity 119126K, committed 119192K, reserved 1153024K
  class space    used 14749K, capacity 15989K, committed 16048K, reserved 1048576K
}
Event: 2062.304 GC heap before
{Heap before GC invocations=23 (full 4):
 PSYoungGen      total 385024K, used 382561K [0x00000000d5580000, 0x00000000eff80000, 0x0000000100000000)
  eden space 344064K, 100% used [0x00000000d5580000,0x00000000ea580000,0x00000000ea580000)
  from space 40960K, 93% used [0x00000000ed280000,0x00000000ef818548,0x00000000efa80000)
  to   space 46080K, 0% used [0x00000000ea580000,0x00000000ea580000,0x00000000ed280000)
 ParOldGen       total 309248K, used 58312K [0x0000000080000000, 0x0000000092e00000, 0x00000000d5580000)
  object space 309248K, 18% used [0x0000000080000000,0x00000000838f2140,0x0000000092e00000)
 Metaspace       used 113747K, capacity 120080K, committed 120216K, reserved 1153024K
  class space    used 14775K, capacity 16036K, committed 16048K, reserved 1048576K
Event: 2062.331 GC heap after
Heap after GC invocations=23 (full 4):
 PSYoungGen      total 390144K, used 28816K [0x00000000d5580000, 0x00000000f1100000, 0x0000000100000000)
  eden space 344064K, 0% used [0x00000000d5580000,0x00000000d5580000,0x00000000ea580000)
  from space 46080K, 62% used [0x00000000ea580000,0x00000000ec1a4350,0x00000000ed280000)
  to   space 46592K, 0% used [0x00000000ee380000,0x00000000ee380000,0x00000000f1100000)
 ParOldGen       total 309248K, used 58320K [0x0000000080000000, 0x0000000092e00000, 0x00000000d5580000)
  object space 309248K, 18% used [0x0000000080000000,0x00000000838f4140,0x0000000092e00000)
 Metaspace       used 113747K, capacity 120080K, committed 120216K, reserved 1153024K
  class space    used 14775K, capacity 16036K, committed 16048K, reserved 1048576K
}
Event: 2938.625 GC heap before
{Heap before GC invocations=24 (full 4):
 PSYoungGen      total 390144K, used 372880K [0x00000000d5580000, 0x00000000f1100000, 0x0000000100000000)
  eden space 344064K, 100% used [0x00000000d5580000,0x00000000ea580000,0x00000000ea580000)
  from space 46080K, 62% used [0x00000000ea580000,0x00000000ec1a4350,0x00000000ed280000)
  to   space 46592K, 0% used [0x00000000ee380000,0x00000000ee380000,0x00000000f1100000)
 ParOldGen       total 309248K, used 58320K [0x0000000080000000, 0x0000000092e00000, 0x00000000d5580000)
  object space 309248K, 18% used [0x0000000080000000,0x00000000838f4140,0x0000000092e00000)
 Metaspace       used 117204K, capacity 124040K, committed 124056K, reserved 1157120K
  class space    used 15167K, capacity 16547K, committed 16560K, reserved 1048576K

Deoptimization events (10 events):
Event: 2236.801 Thread 0x000000002ef01000 Uncommon trap: reason=unstable_if action=reinterpret pc=0x0000000006180058 method=org.objectweb.asm.ClassReader.readCode(Lorg/objectweb/asm/MethodVisitor;Lorg/objectweb/asm/Context;I)V @ 1955
Event: 2236.814 Thread 0x000000002ef01000 Uncommon trap: reason=unstable_if action=reinterpret pc=0x00000000034fb85c method=org.objectweb.asm.SymbolTable.addConstant(Ljava/lang/Object;)Lorg/objectweb/asm/Symbol; @ 107
Event: 2236.817 Thread 0x000000002ef01000 Uncommon trap: reason=unstable_if action=reinterpret pc=0x0000000005144da4 method=org.objectweb.asm.Type.getObjectType(Ljava/lang/String;)Lorg/objectweb/asm/Type; @ 11
Event: 2236.882 Thread 0x000000002ef01000 Uncommon trap: reason=unstable_if action=reinterpret pc=0x0000000003d1ef0c method=com.sun.org.apache.xerces.internal.impl.XMLNSDocumentScannerImpl.scanStartElement()Z @ 526
Event: 2237.085 Thread 0x000000001b9ce800 Uncommon trap: reason=bimorphic action=maybe_recompile pc=0x000000000480237c method=java.util.stream.FindOps$FindOp.evaluateSequential(Ljava/util/stream/PipelineHelper;Ljava/util/Spliterator;)Ljava/lang/Object; @ 14
Event: 2237.112 Thread 0x000000001b9ce800 Uncommon trap: reason=bimorphic action=maybe_recompile pc=0x0000000003a701bc method=org.gradle.internal.component.external.model.DefaultModuleComponentIdentifier.<init>(Lorg/gradle/api/artifacts/ModuleIdentifier;Ljava/lang/String;)V @ 113
Event: 2935.809 Thread 0x000000001f07b800 Uncommon trap: reason=null_check action=make_not_entrant pc=0x0000000002cd0570 method=org.gradle.api.internal.collections.CollectionFilter.filter(Ljava/lang/Object;)Ljava/lang/Object; @ 5
Event: 2935.942 Thread 0x0000000021035000 Uncommon trap: reason=speculate_class_check action=maybe_recompile pc=0x0000000004b9e4a0 method=java.lang.StringCoding.encode(Ljava/nio/charset/Charset;[CII)[B @ 91
Event: 2936.245 Thread 0x0000000021035000 Uncommon trap: reason=speculate_class_check action=maybe_recompile pc=0x0000000004b9e4a0 method=java.lang.StringCoding.encode(Ljava/nio/charset/Charset;[CII)[B @ 91
Event: 2938.579 Thread 0x000000001f07b000 Uncommon trap: reason=unstable_if action=reinterpret pc=0x0000000006154258 method=org.objectweb.asm.ClassReader.accept(Lorg/objectweb/asm/ClassVisitor;[Lorg/objectweb/asm/Attribute;I)V @ 808

Classes redefined (0 events):
No events

Internal exceptions (10 events):
Event: 2235.600 Thread 0x000000001b9ce800 Exception <a 'java/lang/ClassNotFoundException': org/jetbrains/plugins/gradle/tooling/util/SourceSetCachedFinder$ArtifactsMapCustomizer> (0x00000000d97643a0) thrown at [C:\src\AOSP-openjdk-git\hotspot\src\share\vm\classfile\systemDictionary.cpp, line 210]
Event: 2235.688 Thread 0x000000001b9ce800 Exception <a 'java/lang/NoSuchMethodError': <clinit>> (0x00000000da1fc0b8) thrown at [C:\src\AOSP-openjdk-git\hotspot\src\share\vm\prims\jni.cpp, line 1615]
Event: 2235.691 Thread 0x000000001b9ce800 Exception <a 'java/lang/NoSuchMethodError': <clinit>> (0x00000000da284508) thrown at [C:\src\AOSP-openjdk-git\hotspot\src\share\vm\prims\jni.cpp, line 1615]
Event: 2235.775 Thread 0x000000001b9ce800 Exception <a 'java/lang/ClassNotFoundException': org/jetbrains/plugins/gradle/tooling/util/JavaPluginUtilBeanInfo> (0x00000000da9713d0) thrown at [C:\src\AOSP-openjdk-git\hotspot\src\share\vm\classfile\systemDictionary.cpp, line 210]
Event: 2235.775 Thread 0x000000001b9ce800 Exception <a 'java/lang/ClassNotFoundException': org/jetbrains/plugins/gradle/tooling/util/JavaPluginUtilCustomizer> (0x00000000da984860) thrown at [C:\src\AOSP-openjdk-git\hotspot\src\share\vm\classfile\systemDictionary.cpp, line 210]
Event: 2235.815 Thread 0x000000001b9ce800 Exception <a 'sun/nio/fs/WindowsException'> (0x00000000dabbab78) thrown at [C:\src\AOSP-openjdk-git\hotspot\src\share\vm\prims\jni.cpp, line 710]
Event: 2235.828 Thread 0x000000001b9ce800 Exception <a 'java/lang/reflect/InvocationTargetException'> (0x00000000dad982c0) thrown at [C:\src\AOSP-openjdk-git\hotspot\src\share\vm\runtime\reflection.cpp, line 1092]
Event: 2236.937 Thread 0x000000002ef01000 Exception <a 'sun/nio/fs/WindowsException'> (0x00000000de2565d8) thrown at [C:\src\AOSP-openjdk-git\hotspot\src\share\vm\prims\jni.cpp, line 710]
Event: 2935.809 Thread 0x000000001f07b800 Implicit null exception at 0x0000000002cd0423 to 0x0000000002cd055d
Event: 2935.859 Thread 0x000000001f07b800 Exception <a 'sun/nio/fs/WindowsException'> (0x00000000e1438980) thrown at [C:\src\AOSP-openjdk-git\hotspot\src\share\vm\prims\jni.cpp, line 710]

Events (10 events):
Event: 2938.612 Thread 0x000000001f07b000 DEOPT UNPACKING pc=0x00000000028375d0 sp=0x000000001ffdae30 mode 0
Event: 2938.615 Thread 0x000000001f07b000 DEOPT PACKING pc=0x00000000050b5ad1 sp=0x000000001ffdb1a0
Event: 2938.615 Thread 0x000000001f07b000 DEOPT UNPACKING pc=0x00000000028375d0 sp=0x000000001ffdaef0 mode 0
Event: 2938.618 Thread 0x000000001f07b000 DEOPT PACKING pc=0x00000000050b5ad1 sp=0x000000001ffdb2b0
Event: 2938.618 Thread 0x000000001f07b000 DEOPT UNPACKING pc=0x00000000028375d0 sp=0x000000001ffdb000 mode 0
Event: 2938.622 Thread 0x000000001f07b000 DEOPT PACKING pc=0x00000000050b5ad1 sp=0x000000001ffdb1a0
Event: 2938.622 Thread 0x000000001f07b000 DEOPT UNPACKING pc=0x00000000028375d0 sp=0x000000001ffdaef0 mode 0
Event: 2938.624 Thread 0x000000001f07b000 DEOPT PACKING pc=0x00000000062b1ac4 sp=0x000000001ffdb200
Event: 2938.624 Thread 0x000000001f07b000 DEOPT UNPACKING pc=0x00000000028375d0 sp=0x000000001ffdb0f8 mode 0
Event: 2938.625 Executing VM operation: ParallelGCFailedAllocation


Dynamic libraries:
0x00007ff7600d0000 - 0x00007ff760101000 	C:\Program Files\Android\Android Studio\jre\bin\java.exe
0x00007ff88ecc0000 - 0x00007ff88eeb0000 	C:\WINDOWS\SYSTEM32\ntdll.dll
0x00007ff88d7a0000 - 0x00007ff88d852000 	C:\WINDOWS\System32\KERNEL32.DLL
0x00007ff88c520000 - 0x00007ff88c7c5000 	C:\WINDOWS\System32\KERNELBASE.dll
0x00007ff88cd70000 - 0x00007ff88ce13000 	C:\WINDOWS\System32\ADVAPI32.dll
0x00007ff88eb10000 - 0x00007ff88ebae000 	C:\WINDOWS\System32\msvcrt.dll
0x00007ff88cef0000 - 0x00007ff88cf87000 	C:\WINDOWS\System32\sechost.dll
0x00007ff88d680000 - 0x00007ff88d79f000 	C:\WINDOWS\System32\RPCRT4.dll
0x00007ff88e480000 - 0x00007ff88e614000 	C:\WINDOWS\System32\USER32.dll
0x00007ff88ca90000 - 0x00007ff88cab1000 	C:\WINDOWS\System32\win32u.dll
0x00007ff88cfa0000 - 0x00007ff88cfc6000 	C:\WINDOWS\System32\GDI32.dll
0x00007ff88c8f0000 - 0x00007ff88ca88000 	C:\WINDOWS\System32\gdi32full.dll
0x00007ff88cc40000 - 0x00007ff88ccde000 	C:\WINDOWS\System32\msvcp_win.dll
0x00007ff88bc40000 - 0x00007ff88bd3a000 	C:\WINDOWS\System32\ucrtbase.dll
0x00007ff872b80000 - 0x00007ff872e04000 	C:\WINDOWS\WinSxS\amd64_microsoft.windows.common-controls_6595b64144ccf1df_6.0.18362.1379_none_9e7ff3b3e45cc0c4\COMCTL32.dll
0x00007ff88e760000 - 0x00007ff88ea97000 	C:\WINDOWS\System32\combase.dll
0x00007ff88cce0000 - 0x00007ff88cd61000 	C:\WINDOWS\System32\bcryptPrimitives.dll
0x00007ff88e450000 - 0x00007ff88e47e000 	C:\WINDOWS\System32\IMM32.DLL
0x0000000062150000 - 0x0000000062222000 	C:\Program Files\Android\Android Studio\jre\jre\bin\msvcr100.dll
0x0000000062310000 - 0x0000000062b5b000 	C:\Program Files\Android\Android Studio\jre\jre\bin\server\jvm.dll
0x00007ff88e750000 - 0x00007ff88e758000 	C:\WINDOWS\System32\PSAPI.DLL
0x00007ff87a3d0000 - 0x00007ff87a3d9000 	C:\WINDOWS\SYSTEM32\WSOCK32.dll
0x00007ff885900000 - 0x00007ff88590a000 	C:\WINDOWS\SYSTEM32\VERSION.dll
0x00007ff887450000 - 0x00007ff887474000 	C:\WINDOWS\SYSTEM32\WINMM.dll
0x00007ff88dfb0000 - 0x00007ff88e01f000 	C:\WINDOWS\System32\WS2_32.dll
0x00007ff887420000 - 0x00007ff88744d000 	C:\WINDOWS\SYSTEM32\winmmbase.dll
0x00007ff88c7d0000 - 0x00007ff88c81a000 	C:\WINDOWS\System32\cfgmgr32.dll
0x00007ff8721d0000 - 0x00007ff8721df000 	C:\Program Files\Android\Android Studio\jre\jre\bin\verify.dll
0x00007ff865150000 - 0x00007ff865179000 	C:\Program Files\Android\Android Studio\jre\jre\bin\java.dll
0x00007ff8710d0000 - 0x00007ff8710e6000 	C:\Program Files\Android\Android Studio\jre\jre\bin\zip.dll
0x00007ff88d8c0000 - 0x00007ff88dfa8000 	C:\WINDOWS\System32\SHELL32.dll
0x00007ff88ce40000 - 0x00007ff88cee7000 	C:\WINDOWS\System32\shcore.dll
0x00007ff88bda0000 - 0x00007ff88c51b000 	C:\WINDOWS\System32\windows.storage.dll
0x00007ff88bbf0000 - 0x00007ff88bc13000 	C:\WINDOWS\System32\profapi.dll
0x00007ff88bb80000 - 0x00007ff88bbca000 	C:\WINDOWS\System32\powrprof.dll
0x00007ff88bb70000 - 0x00007ff88bb80000 	C:\WINDOWS\System32\UMPDC.dll
0x00007ff88e020000 - 0x00007ff88e072000 	C:\WINDOWS\System32\shlwapi.dll
0x00007ff88bbd0000 - 0x00007ff88bbe1000 	C:\WINDOWS\System32\kernel.appcore.dll
0x00007ff88c820000 - 0x00007ff88c837000 	C:\WINDOWS\System32\cryptsp.dll
0x00007ff865130000 - 0x00007ff86514a000 	C:\Program Files\Android\Android Studio\jre\jre\bin\net.dll
0x00007ff88b3b0000 - 0x00007ff88b417000 	C:\WINDOWS\system32\mswsock.dll
0x00007ff865110000 - 0x00007ff865123000 	C:\Program Files\Android\Android Studio\jre\jre\bin\nio.dll
0x00007ff869b80000 - 0x00007ff869ba7000 	C:\Users\lmsiu\.gradle\native\f6784746aeab05261644944871eae4fe03e0ef1612fff0a4a95f87b438bc6780\windows-amd64\native-platform.dll
0x00007ff870f40000 - 0x00007ff870f4d000 	C:\Program Files\Android\Android Studio\jre\jre\bin\management.dll
0x00007ff88af30000 - 0x00007ff88af63000 	C:\WINDOWS\system32\rsaenh.dll
0x00007ff88cac0000 - 0x00007ff88cae6000 	C:\WINDOWS\System32\bcrypt.dll
0x00007ff88ba90000 - 0x00007ff88bab5000 	C:\WINDOWS\SYSTEM32\USERENV.dll
0x00007ff88b580000 - 0x00007ff88b58c000 	C:\WINDOWS\SYSTEM32\CRYPTBASE.dll
0x00007ff88b0c0000 - 0x00007ff88b0fa000 	C:\WINDOWS\SYSTEM32\IPHLPAPI.DLL
0x00007ff88cf90000 - 0x00007ff88cf98000 	C:\WINDOWS\System32\NSI.dll
0x00007ff8819e0000 - 0x00007ff8819f6000 	C:\WINDOWS\SYSTEM32\dhcpcsvc6.DLL
0x00007ff882350000 - 0x00007ff88236c000 	C:\WINDOWS\SYSTEM32\dhcpcsvc.DLL
0x00007ff88b100000 - 0x00007ff88b1cb000 	C:\WINDOWS\SYSTEM32\DNSAPI.dll
0x00007ff882400000 - 0x00007ff88240b000 	C:\WINDOWS\SYSTEM32\WINNSI.DLL
0x00007ff856990000 - 0x00007ff8569b4000 	C:\Program Files\Android\Android Studio\jre\jre\bin\sunec.dll
0x00007ff8851d0000 - 0x00007ff8851da000 	C:\Windows\System32\rasadhlp.dll
0x00007ff8818d0000 - 0x00007ff881947000 	C:\WINDOWS\System32\fwpuclnt.dll
0x00007ff8700f0000 - 0x00007ff8700fb000 	C:\Program Files\Android\Android Studio\jre\jre\bin\sunmscapi.dll
0x00007ff88caf0000 - 0x00007ff88cc3a000 	C:\WINDOWS\System32\CRYPT32.dll
0x00007ff88bc20000 - 0x00007ff88bc32000 	C:\WINDOWS\System32\MSASN1.dll
0x00007ff88abb0000 - 0x00007ff88abe1000 	C:\WINDOWS\SYSTEM32\ntmarta.dll
0x00007ff88a450000 - 0x00007ff88a644000 	C:\WINDOWS\SYSTEM32\dbghelp.dll

VM Arguments:
jvm_args: -Xmx2048m -Dfile.encoding=UTF-8 -Duser.country=US -Duser.language=en -Duser.variant 
java_command: org.gradle.launcher.daemon.bootstrap.GradleDaemon 6.5
java_class_path (initial): C:\Users\lmsiu\.gradle\wrapper\dists\gradle-6.5-bin\6nifqtx7604sqp1q6g8wikw7p\gradle-6.5\lib\gradle-launcher-6.5.jar
Launcher Type: SUN_STANDARD

Environment Variables:
PATH=C:\Python39\Scripts\;C:\Python39\;C:\Program Files (x86)\Intel\Intel(R) Management Engine Components\iCLS\;C:\Program Files\Intel\Intel(R) Management Engine Components\iCLS\;C:\WINDOWS\system32;C:\WINDOWS;C:\WINDOWS\System32\Wbem;C:\WINDOWS\System32\WindowsPowerShell\v1.0\;C:\WINDOWS\System32\OpenSSH\;C:\Program Files (x86)\Intel\Intel(R) Management Engine Components\DAL;C:\Program Files\Intel\Intel(R) Management Engine Components\DAL;C:\Program Files (x86)\Intel\Intel(R) Management Engine Components\IPT;C:\Program Files\Intel\Intel(R) Management Engine Components\IPT;C:\Program Files\Intel\WiFi\bin\;C:\Program Files\Common Files\Intel\WirelessCommon\;C:\Program Files (x86)\PuTTY\;C:\Program Files\Git\cmd;C:\Program Files\nodejs\;C:\ProgramData\chocolatey\bin;C:\Users\lmsiu\AppData\Local\Microsoft\WindowsApps;;C:\Users\lmsiu\AppData\Local\Programs\Microsoft VS Code\bin;C:\Users\lmsiu\AppData\Roaming\npm
USERNAME=lmsiu
OS=Windows_NT
PROCESSOR_IDENTIFIER=Intel64 Family 6 Model 142 Stepping 10, GenuineIntel



---------------  S Y S T E M  ---------------

OS: Windows 10.0 , 64 bit Build 18362 (10.0.18362.1350)

CPU:total 8 (initial active 8) (4 cores per cpu, 2 threads per core) family 6 model 142 stepping 10, cmov, cx8, fxsr, mmx, sse, sse2, sse3, ssse3, sse4.1, sse4.2, popcnt, avx, avx2, aes, clmul, erms, 3dnowpref, lzcnt, ht, tsc, tscinvbit, bmi1, bmi2, adx

Memory: 4k page, physical 16607336k(6661368k free), swap 19097704k(6804552k free)

vm_info: OpenJDK 64-Bit Server VM (25.242-b01) for windows-amd64 JRE (1.8.0_242-release-1644-b01), built by "builder" with MS VC++ 10.0 (VS2010)

time: Thu Feb 18 23:00:13 2021
timezone: Pacific Standard Time
elapsed time: 2938 seconds (0d 0h 48m 58s)

